2016-08-08 16:36:05,046 - testscript.config.load_config - DEBUG - testscript.config.load_config.load -> Searching for "config_values.json" file.
2016-08-08 16:36:05,054 - testscript.config.load_config - DEBUG - testscript.config.load_config.load -> JASON path: None
2016-08-08 16:36:05,054 - testscript.config.load_config - DEBUG - testscript.config.load_config.load -> "config_values.json" file does not exist
2016-08-08 16:36:05,054 - testscript.config.load_config - DEBUG - testscript.config.load_config.load -> Starting building process
2016-08-08 16:36:05,055 - testscript.config.load_config - DEBUG - testscript.config.load_config.create -> JASON path: /Users/efgallegos/Dropbox/Automation/config_entries.json
2016-08-08 16:36:05,055 - testscript.config.load_config - DEBUG - testscript.config.load_config.create -> File opened.
2016-08-08 16:36:05,055 - testscript.config.load_config - DEBUG - testscript.config.load_config.create -> Loading general config entries
2016-08-08 16:36:05,055 - testscript.config.load_config - DEBUG - testscript.config.load_config.create -> File closed.
2016-08-08 16:36:05,055 - testscript.config.load_config - DEBUG - testscript.config.load_config.create -> Loading base folder
2016-08-08 16:36:05,055 - testscript.config.load_config - DEBUG - testscript.config.load_config.create -> Loading igo_common dic
2016-08-08 16:36:05,055 - testscript.config.load_config - DEBUG - testscript.config.load_config.create -> Loading Carriers
2016-08-08 16:36:05,055 - testscript.config.load_config - DEBUG - testscript.config.load_config.create -> Loading Carrier : "bankers"
2016-08-08 16:36:05,056 - testscript.config.load_config - DEBUG - testscript.config.load_config.create -> JASON path: /Users/efgallegos/Dropbox/Automation/Carriers/Bankers/config_bankers.json
2016-08-08 16:36:05,056 - testscript.config.load_config - DEBUG - testscript.config.load_config.create -> File opened.
2016-08-08 16:36:05,056 - testscript.config.load_config - DEBUG - testscript.config.load_config.create -> Loading carrier "bankers"" config entries
2016-08-08 16:36:05,056 - testscript.config.load_config - DEBUG - testscript.config.load_config.create -> File closed.
2016-08-08 16:36:05,056 - testscript.config.load_config - DEBUG - testscript.config.load_config.create -> Loading carrier "bankers" folder path
2016-08-08 16:36:05,056 - testscript.config.load_config - DEBUG - testscript.config.load_config.create -> Loading State-Product Matrix for Carrier: bankers
2016-08-08 16:36:05,056 - testscript.config.load_config - DEBUG - testscript.config.load_config.create -> Loading config values for product: "Annuity"
2016-08-08 16:36:05,056 - testscript.config.load_config - DEBUG - testscript.config.load_config.create -> JASON path: /Users/efgallegos/Dropbox/Automation/Carriers/Bankers/Products/Annuity/annuity_data.json
2016-08-08 16:36:05,056 - testscript.config.load_config - DEBUG - testscript.config.load_config.create -> File opened.
2016-08-08 16:36:05,057 - testscript.config.load_config - DEBUG - testscript.config.load_config.create -> Loading product "annuity"" config entries
2016-08-08 16:36:05,057 - testscript.config.load_config - DEBUG - testscript.config -> File closed.
2016-08-08 16:36:05,057 - testscript.config.load_config - DEBUG - testscript.config.load_config.create -> Loading config values for product: "CB"
2016-08-08 16:36:05,057 - testscript.config.load_config - DEBUG - testscript.config.load_config.create -> JASON path: /Users/efgallegos/Dropbox/Automation/Carriers/Bankers/Products/CB/cb_data.json
2016-08-08 16:36:05,057 - testscript.config.load_config - DEBUG - testscript.config.load_config.create -> File opened.
2016-08-08 16:36:05,057 - testscript.config.load_config - DEBUG - testscript.config.load_config.create -> Loading product "cb"" config entries
2016-08-08 16:36:05,057 - testscript.config.load_config - DEBUG - testscript.config -> File closed.
2016-08-08 16:36:05,058 - testscript.config.load_config - DEBUG - testscript.config.load_config.create -> Loading config values for product: "FUWL"
2016-08-08 16:36:05,058 - testscript.config.load_config - DEBUG - testscript.config.load_config.create -> JASON path: /Users/efgallegos/Dropbox/Automation/Carriers/Bankers/Products/FUWL/fuwl_data.json
2016-08-08 16:36:05,058 - testscript.config.load_config - DEBUG - testscript.config.load_config.create -> File opened.
2016-08-08 16:36:05,058 - testscript.config.load_config - DEBUG - testscript.config.load_config.create -> Loading product "fuwl"" config entries
2016-08-08 16:36:05,058 - testscript.config.load_config - DEBUG - testscript.config -> File closed.
2016-08-08 16:36:05,058 - testscript.config.load_config - DEBUG - testscript.config.load_config.create -> Loading config values for product: "MedSupp"
2016-08-08 16:36:05,058 - testscript.config.load_config - DEBUG - testscript.config.load_config.create -> JASON path: /Users/efgallegos/Dropbox/Automation/Carriers/Bankers/Products/MedSupp/medsupp_data.json
2016-08-08 16:36:05,058 - testscript.config.load_config - DEBUG - testscript.config.load_config.create -> File opened.
2016-08-08 16:36:05,059 - testscript.config.load_config - DEBUG - testscript.config.load_config.create -> Loading product "medsupp"" config entries
2016-08-08 16:36:05,059 - testscript.config.load_config - DEBUG - testscript.config -> File closed.
2016-08-08 16:36:05,059 - testscript.config.load_config - DEBUG - testscript.config.load_config.create -> Loading config values for product: "SPWL"
2016-08-08 16:36:05,059 - testscript.config.load_config - DEBUG - testscript.config.load_config.create -> JASON path: /Users/efgallegos/Dropbox/Automation/Carriers/Bankers/Products/SPWL/spwl_data.json
2016-08-08 16:36:05,059 - testscript.config.load_config - DEBUG - testscript.config.load_config.create -> File opened.
2016-08-08 16:36:05,059 - testscript.config.load_config - DEBUG - testscript.config.load_config.create -> Loading product "spwl"" config entries
2016-08-08 16:36:05,059 - testscript.config.load_config - DEBUG - testscript.config -> File closed.
2016-08-08 16:36:05,059 - testscript.config.load_config - DEBUG - testscript.config.load_config.create -> Loading config values for product: "SrLife"
2016-08-08 16:36:05,059 - testscript.config.load_config - DEBUG - testscript.config.load_config.create -> JASON path: /Users/efgallegos/Dropbox/Automation/Carriers/Bankers/Products/SrLife/srlife_data.json
2016-08-08 16:36:05,060 - testscript.config.load_config - DEBUG - testscript.config.load_config.create -> File opened.
2016-08-08 16:36:05,060 - testscript.config.load_config - DEBUG - testscript.config.load_config.create -> Loading product "srlife"" config entries
2016-08-08 16:36:05,060 - testscript.config.load_config - DEBUG - testscript.config -> File closed.
2016-08-08 16:36:05,060 - testscript.config.load_config - DEBUG - testscript.config.load_config.create -> Loading config values for product: "STC"
2016-08-08 16:36:05,060 - testscript.config.load_config - DEBUG - testscript.config.load_config.create -> JASON path: /Users/efgallegos/Dropbox/Automation/Carriers/Bankers/Products/STC/stc_data.json
2016-08-08 16:36:05,060 - testscript.config.load_config - DEBUG - testscript.config.load_config.create -> File opened.
2016-08-08 16:36:05,060 - testscript.config.load_config - DEBUG - testscript.config.load_config.create -> Loading product "stc"" config entries
2016-08-08 16:36:05,061 - testscript.config.load_config - DEBUG - testscript.config -> File closed.
2016-08-08 16:36:05,061 - testscript.config.load_config - DEBUG - testscript.config.load_config.create -> Loading Carrier : "lincoln"
2016-08-08 16:36:05,061 - testscript.config.load_config - DEBUG - testscript.config.load_config.create -> JASON path: None
2016-08-08 16:36:05,061 - testscript.config.load_config - DEBUG - testscript.config.load_config.create -> Carrier doesn't have config file to be loaded.
2016-08-08 16:36:05,135 - testscript.config.load_config - DEBUG - testscript.config.load_config.load -> Building process finished successfully
2016-08-08 16:40:24,010 - testscript.config.load_config - DEBUG - testscript.config.load_config.load -> Searching for "config_values.json" file.
2016-08-08 16:40:24,018 - testscript.config.load_config - DEBUG - testscript.config.load_config.load -> JASON path: None
2016-08-08 16:40:24,018 - testscript.config.load_config - DEBUG - testscript.config.load_config.load -> "config_values.json" file does not exist
2016-08-08 16:40:24,019 - testscript.config.load_config - DEBUG - testscript.config.load_config.load -> Starting building process
2016-08-08 16:40:24,019 - testscript.config.load_config - DEBUG - testscript.config.load_config.create -> JASON path: /Users/efgallegos/Dropbox/Automation/config_entries.json
2016-08-08 16:40:24,019 - testscript.config.load_config - DEBUG - testscript.config.load_config.create -> File opened.
2016-08-08 16:40:24,019 - testscript.config.load_config - DEBUG - testscript.config.load_config.create -> Loading general config entries
2016-08-08 16:40:24,019 - testscript.config.load_config - DEBUG - testscript.config.load_config.create -> File closed.
2016-08-08 16:40:24,019 - testscript.config.load_config - DEBUG - testscript.config.load_config.create -> Loading base folder
2016-08-08 16:40:24,020 - testscript.config.load_config - DEBUG - testscript.config.load_config.create -> Loading igo_common dic
2016-08-08 16:40:24,020 - testscript.config.load_config - DEBUG - testscript.config.load_config.create -> Loading Carriers
2016-08-08 16:40:24,020 - testscript.config.load_config - DEBUG - testscript.config.load_config.create -> Loading Carrier : "bankers"
2016-08-08 16:40:24,020 - testscript.config.load_config - DEBUG - testscript.config.load_config.create -> JASON path: /Users/efgallegos/Dropbox/Automation/Carriers/Bankers/config_bankers.json
2016-08-08 16:40:24,020 - testscript.config.load_config - DEBUG - testscript.config.load_config.create -> File opened.
2016-08-08 16:40:24,020 - testscript.config.load_config - DEBUG - testscript.config.load_config.create -> Loading carrier "bankers"" config entries
2016-08-08 16:40:24,021 - testscript.config.load_config - DEBUG - testscript.config.load_config.create -> File closed.
2016-08-08 16:40:24,021 - testscript.config.load_config - DEBUG - testscript.config.load_config.create -> Loading carrier "bankers" folder path
2016-08-08 16:40:24,021 - testscript.config.load_config - DEBUG - testscript.config.load_config.create -> Loading State-Product Matrix for Carrier: bankers
2016-08-08 16:40:24,021 - testscript.config.load_config - DEBUG - testscript.config.load_config.create -> Loading config values for product: "Annuity"
2016-08-08 16:40:24,021 - testscript.config.load_config - DEBUG - testscript.config.load_config.create -> JASON path: /Users/efgallegos/Dropbox/Automation/Carriers/Bankers/Products/Annuity/annuity_data.json
2016-08-08 16:40:24,021 - testscript.config.load_config - DEBUG - testscript.config.load_config.create -> File opened.
2016-08-08 16:40:24,022 - testscript.config.load_config - DEBUG - testscript.config.load_config.create -> Loading product "annuity"" config entries
2016-08-08 16:40:24,022 - testscript.config.load_config - DEBUG - testscript.config -> File closed.
2016-08-08 16:40:24,022 - testscript.config.load_config - DEBUG - testscript.config.load_config.create -> Loading config values for product: "CB"
2016-08-08 16:40:24,022 - testscript.config.load_config - DEBUG - testscript.config.load_config.create -> JASON path: /Users/efgallegos/Dropbox/Automation/Carriers/Bankers/Products/CB/cb_data.json
2016-08-08 16:40:24,022 - testscript.config.load_config - DEBUG - testscript.config.load_config.create -> File opened.
2016-08-08 16:40:24,022 - testscript.config.load_config - DEBUG - testscript.config.load_config.create -> Loading product "cb"" config entries
2016-08-08 16:40:24,022 - testscript.config.load_config - DEBUG - testscript.config -> File closed.
2016-08-08 16:40:24,022 - testscript.config.load_config - DEBUG - testscript.config.load_config.create -> Loading config values for product: "FUWL"
2016-08-08 16:40:24,023 - testscript.config.load_config - DEBUG - testscript.config.load_config.create -> JASON path: /Users/efgallegos/Dropbox/Automation/Carriers/Bankers/Products/FUWL/fuwl_data.json
2016-08-08 16:40:24,023 - testscript.config.load_config - DEBUG - testscript.config.load_config.create -> File opened.
2016-08-08 16:40:24,023 - testscript.config.load_config - DEBUG - testscript.config.load_config.create -> Loading product "fuwl"" config entries
2016-08-08 16:40:24,023 - testscript.config.load_config - DEBUG - testscript.config -> File closed.
2016-08-08 16:40:24,023 - testscript.config.load_config - DEBUG - testscript.config.load_config.create -> Loading config values for product: "MedSupp"
2016-08-08 16:40:24,023 - testscript.config.load_config - DEBUG - testscript.config.load_config.create -> JASON path: /Users/efgallegos/Dropbox/Automation/Carriers/Bankers/Products/MedSupp/medsupp_data.json
2016-08-08 16:40:24,023 - testscript.config.load_config - DEBUG - testscript.config.load_config.create -> File opened.
2016-08-08 16:40:24,024 - testscript.config.load_config - DEBUG - testscript.config.load_config.create -> Loading product "medsupp"" config entries
2016-08-08 16:40:24,024 - testscript.config.load_config - DEBUG - testscript.config -> File closed.
2016-08-08 16:40:24,024 - testscript.config.load_config - DEBUG - testscript.config.load_config.create -> Loading config values for product: "SPWL"
2016-08-08 16:40:24,024 - testscript.config.load_config - DEBUG - testscript.config.load_config.create -> JASON path: /Users/efgallegos/Dropbox/Automation/Carriers/Bankers/Products/SPWL/spwl_data.json
2016-08-08 16:40:24,024 - testscript.config.load_config - DEBUG - testscript.config.load_config.create -> File opened.
2016-08-08 16:40:24,024 - testscript.config.load_config - DEBUG - testscript.config.load_config.create -> Loading product "spwl"" config entries
2016-08-08 16:40:24,024 - testscript.config.load_config - DEBUG - testscript.config -> File closed.
2016-08-08 16:40:24,024 - testscript.config.load_config - DEBUG - testscript.config.load_config.create -> Loading config values for product: "SrLife"
2016-08-08 16:40:24,025 - testscript.config.load_config - DEBUG - testscript.config.load_config.create -> JASON path: /Users/efgallegos/Dropbox/Automation/Carriers/Bankers/Products/SrLife/srlife_data.json
2016-08-08 16:40:24,025 - testscript.config.load_config - DEBUG - testscript.config.load_config.create -> File opened.
2016-08-08 16:40:24,025 - testscript.config.load_config - DEBUG - testscript.config.load_config.create -> Loading product "srlife"" config entries
2016-08-08 16:40:24,025 - testscript.config.load_config - DEBUG - testscript.config -> File closed.
2016-08-08 16:40:24,025 - testscript.config.load_config - DEBUG - testscript.config.load_config.create -> Loading config values for product: "STC"
2016-08-08 16:40:24,025 - testscript.config.load_config - DEBUG - testscript.config.load_config.create -> JASON path: /Users/efgallegos/Dropbox/Automation/Carriers/Bankers/Products/STC/stc_data.json
2016-08-08 16:40:24,026 - testscript.config.load_config - DEBUG - testscript.config.load_config.create -> File opened.
2016-08-08 16:40:24,027 - testscript.config.load_config - DEBUG - testscript.config.load_config.create -> Loading product "stc"" config entries
2016-08-08 16:40:24,027 - testscript.config.load_config - DEBUG - testscript.config -> File closed.
2016-08-08 16:40:24,027 - testscript.config.load_config - DEBUG - testscript.config.load_config.create -> Loading Carrier : "lincoln"
2016-08-08 16:40:24,028 - testscript.config.load_config - DEBUG - testscript.config.load_config.create -> JASON path: None
2016-08-08 16:40:24,028 - testscript.config.load_config - DEBUG - testscript.config.load_config.create -> Carrier doesn't have config file to be loaded.
2016-08-08 16:40:24,028 - testscript.config.load_config - DEBUG - testscript.config.load_config.create -> Saving "config_values.json" file in the framework base path
2016-08-08 16:46:07,137 - testscript.config.load_config - DEBUG - testscript.config.load_config.load -> Searching for "config_values.json" file.
2016-08-08 16:46:07,145 - testscript.config.load_config - DEBUG - testscript.config.load_config.load -> JASON path: None
2016-08-08 16:46:07,145 - testscript.config.load_config - DEBUG - testscript.config.load_config.load -> "config_values.json" file does not exist
2016-08-08 16:46:07,146 - testscript.config.load_config - DEBUG - testscript.config.load_config.load -> Starting building process
2016-08-08 16:46:07,146 - testscript.config.load_config - DEBUG - testscript.config.load_config.create -> JASON path: /Users/efgallegos/Dropbox/Automation/config_entries.json
2016-08-08 16:46:07,146 - testscript.config.load_config - DEBUG - testscript.config.load_config.create -> File opened.
2016-08-08 16:46:07,146 - testscript.config.load_config - DEBUG - testscript.config.load_config.create -> Loading general config entries
2016-08-08 16:46:07,146 - testscript.config.load_config - DEBUG - testscript.config.load_config.create -> File closed.
2016-08-08 16:46:07,146 - testscript.config.load_config - DEBUG - testscript.config.load_config.create -> Loading base folder
2016-08-08 16:46:07,146 - testscript.config.load_config - DEBUG - testscript.config.load_config.create -> Loading igo_common dic
2016-08-08 16:46:07,147 - testscript.config.load_config - DEBUG - testscript.config.load_config.create -> Loading Carriers
2016-08-08 16:46:07,147 - testscript.config.load_config - DEBUG - testscript.config.load_config.create -> Loading Carrier : "bankers"
2016-08-08 16:46:07,147 - testscript.config.load_config - DEBUG - testscript.config.load_config.create -> JASON path: /Users/efgallegos/Dropbox/Automation/Carriers/Bankers/config_bankers.json
2016-08-08 16:46:07,147 - testscript.config.load_config - DEBUG - testscript.config.load_config.create -> File opened.
2016-08-08 16:46:07,147 - testscript.config.load_config - DEBUG - testscript.config.load_config.create -> Loading carrier "bankers"" config entries
2016-08-08 16:46:07,147 - testscript.config.load_config - DEBUG - testscript.config.load_config.create -> File closed.
2016-08-08 16:46:07,148 - testscript.config.load_config - DEBUG - testscript.config.load_config.create -> Loading carrier "bankers" folder path
2016-08-08 16:46:07,148 - testscript.config.load_config - DEBUG - testscript.config.load_config.create -> Loading State-Product Matrix for Carrier: bankers
2016-08-08 16:46:07,148 - testscript.config.load_config - DEBUG - testscript.config.load_config.create -> Loading config values for product: "Annuity"
2016-08-08 16:46:07,148 - testscript.config.load_config - DEBUG - testscript.config.load_config.create -> JASON path: /Users/efgallegos/Dropbox/Automation/Carriers/Bankers/Products/Annuity/annuity_data.json
2016-08-08 16:46:07,148 - testscript.config.load_config - DEBUG - testscript.config.load_config.create -> File opened.
2016-08-08 16:46:07,148 - testscript.config.load_config - DEBUG - testscript.config.load_config.create -> Loading product "annuity"" config entries
2016-08-08 16:46:07,148 - testscript.config.load_config - DEBUG - testscript.config -> File closed.
2016-08-08 16:46:07,148 - testscript.config.load_config - DEBUG - testscript.config.load_config.create -> Loading config values for product: "CB"
2016-08-08 16:46:07,149 - testscript.config.load_config - DEBUG - testscript.config.load_config.create -> JASON path: /Users/efgallegos/Dropbox/Automation/Carriers/Bankers/Products/CB/cb_data.json
2016-08-08 16:46:07,149 - testscript.config.load_config - DEBUG - testscript.config.load_config.create -> File opened.
2016-08-08 16:46:07,149 - testscript.config.load_config - DEBUG - testscript.config.load_config.create -> Loading product "cb"" config entries
2016-08-08 16:46:07,149 - testscript.config.load_config - DEBUG - testscript.config -> File closed.
2016-08-08 16:46:07,149 - testscript.config.load_config - DEBUG - testscript.config.load_config.create -> Loading config values for product: "FUWL"
2016-08-08 16:46:07,149 - testscript.config.load_config - DEBUG - testscript.config.load_config.create -> JASON path: /Users/efgallegos/Dropbox/Automation/Carriers/Bankers/Products/FUWL/fuwl_data.json
2016-08-08 16:46:07,149 - testscript.config.load_config - DEBUG - testscript.config.load_config.create -> File opened.
2016-08-08 16:46:07,150 - testscript.config.load_config - DEBUG - testscript.config.load_config.create -> Loading product "fuwl"" config entries
2016-08-08 16:46:07,150 - testscript.config.load_config - DEBUG - testscript.config -> File closed.
2016-08-08 16:46:07,150 - testscript.config.load_config - DEBUG - testscript.config.load_config.create -> Loading config values for product: "MedSupp"
2016-08-08 16:46:07,150 - testscript.config.load_config - DEBUG - testscript.config.load_config.create -> JASON path: /Users/efgallegos/Dropbox/Automation/Carriers/Bankers/Products/MedSupp/medsupp_data.json
2016-08-08 16:46:07,150 - testscript.config.load_config - DEBUG - testscript.config.load_config.create -> File opened.
2016-08-08 16:46:07,150 - testscript.config.load_config - DEBUG - testscript.config.load_config.create -> Loading product "medsupp"" config entries
2016-08-08 16:46:07,150 - testscript.config.load_config - DEBUG - testscript.config -> File closed.
2016-08-08 16:46:07,151 - testscript.config.load_config - DEBUG - testscript.config.load_config.create -> Loading config values for product: "SPWL"
2016-08-08 16:46:07,151 - testscript.config.load_config - DEBUG - testscript.config.load_config.create -> JASON path: /Users/efgallegos/Dropbox/Automation/Carriers/Bankers/Products/SPWL/spwl_data.json
2016-08-08 16:46:07,151 - testscript.config.load_config - DEBUG - testscript.config.load_config.create -> File opened.
2016-08-08 16:46:07,151 - testscript.config.load_config - DEBUG - testscript.config.load_config.create -> Loading product "spwl"" config entries
2016-08-08 16:46:07,152 - testscript.config.load_config - DEBUG - testscript.config -> File closed.
2016-08-08 16:46:07,152 - testscript.config.load_config - DEBUG - testscript.config.load_config.create -> Loading config values for product: "SrLife"
2016-08-08 16:46:07,152 - testscript.config.load_config - DEBUG - testscript.config.load_config.create -> JASON path: /Users/efgallegos/Dropbox/Automation/Carriers/Bankers/Products/SrLife/srlife_data.json
2016-08-08 16:46:07,152 - testscript.config.load_config - DEBUG - testscript.config.load_config.create -> File opened.
2016-08-08 16:46:07,152 - testscript.config.load_config - DEBUG - testscript.config.load_config.create -> Loading product "srlife"" config entries
2016-08-08 16:46:07,153 - testscript.config.load_config - DEBUG - testscript.config -> File closed.
2016-08-08 16:46:07,153 - testscript.config.load_config - DEBUG - testscript.config.load_config.create -> Loading config values for product: "STC"
2016-08-08 16:46:07,153 - testscript.config.load_config - DEBUG - testscript.config.load_config.create -> JASON path: /Users/efgallegos/Dropbox/Automation/Carriers/Bankers/Products/STC/stc_data.json
2016-08-08 16:46:07,153 - testscript.config.load_config - DEBUG - testscript.config.load_config.create -> File opened.
2016-08-08 16:46:07,155 - testscript.config.load_config - DEBUG - testscript.config.load_config.create -> Loading product "stc"" config entries
2016-08-08 16:46:07,155 - testscript.config.load_config - DEBUG - testscript.config -> File closed.
2016-08-08 16:46:07,155 - testscript.config.load_config - DEBUG - testscript.config.load_config.create -> Loading Carrier : "lincoln"
2016-08-08 16:46:07,156 - testscript.config.load_config - DEBUG - testscript.config.load_config.create -> JASON path: None
2016-08-08 16:46:07,156 - testscript.config.load_config - DEBUG - testscript.config.load_config.create -> Carrier doesn't have config file to be loaded.
2016-08-08 16:46:07,156 - testscript.config.load_config - DEBUG - testscript.config.load_config.create -> Saving "config_values.json" file in the framework base path
2016-08-08 16:46:07,163 - testscript.config.load_config - DEBUG - testscript.config.load_config.create -> File "config_values.json" saved successfully in the framework base path
2016-08-08 16:46:07,257 - testscript.config.load_config - DEBUG - testscript.config.load_config.load -> Building process finished successfully
2016-08-08 16:46:11,190 - testscript.config.load_config - DEBUG - testscript.config.load_config.load -> Searching for "config_values.json" file.
2016-08-08 16:46:11,197 - testscript.config.load_config - DEBUG - testscript.config.load_config.load -> JASON path: /Users/efgallegos/Dropbox/Automation/config_values.json
2016-08-08 16:46:11,197 - testscript.config.load_config - DEBUG - testscript.config.load_config.load -> File opened
2016-08-08 16:46:11,198 - testscript.config.load_config - DEBUG - testscript.config.load_config.load -> Loading config values entries
2016-08-08 16:46:11,198 - testscript.config.load_config - DEBUG - testscript.config.load_config.load -> Config values entries loaded successfully. JSON file closed.
