2016-07-25 14:55:51,054 - testscript - INFO - load_prod_matrix -> ################################################################################
2016-07-25 14:55:51,055 - testscript - INFO - load_prod_matrix -> Start time:2016-07-25 14:55:51.054361
2016-07-25 14:55:51,055 - testscript - INFO - load_prod_matrix -> Parameters list:
2016-07-25 14:56:33,996 - testscript - INFO - load_prod_matrix -> ################################################################################
2016-07-25 14:56:33,996 - testscript - INFO - load_prod_matrix -> Start time:2016-07-25 14:56:33.996278
2016-07-25 14:56:33,996 - testscript - INFO - load_prod_matrix -> Parameters list:
2016-07-25 14:57:51,538 - testscript - INFO - load_prod_matrix -> ################################################################################
2016-07-25 14:57:51,538 - testscript - INFO - load_prod_matrix -> Start time:2016-07-25 14:57:51.538024
2016-07-25 14:57:51,538 - testscript - INFO - load_prod_matrix -> Parameters list:
2016-07-25 15:00:59,787 - testscript - INFO - load_prod_matrix -> ################################################################################
2016-07-25 15:00:59,787 - testscript - INFO - load_prod_matrix -> Start time:2016-07-25 15:00:59.787168
2016-07-25 15:00:59,787 - testscript - INFO - load_prod_matrix -> Parameters list:
2016-07-25 15:01:26,617 - testscript - INFO - load_prod_matrix -> ################################################################################
2016-07-25 15:01:26,618 - testscript - INFO - load_prod_matrix -> Start time:2016-07-25 15:01:26.617902
2016-07-25 15:01:26,618 - testscript - INFO - load_prod_matrix -> Parameters list:
2016-07-25 15:01:26,618 - testscript - INFO - load_prod_matrix -> 	Carrier: bankers (Default value)
2016-07-25 15:01:26,618 - testscript - INFO - load_prod_matrix -> 	Excel full path: /Users/efgallegos/Dropbox/Automation/Bankers/bankers_product_matrix.xlsx (Default value)
2016-07-25 15:01:26,618 - testscript - INFO - load_prod_matrix -> --------------------------------------------------------------------------------
2016-07-25 15:01:26,618 - testscript - DEBUG - load_prod_matrix -> Loading excel workbook...
2016-07-25 15:01:26,948 - testscript - DEBUG - load_prod_matrix -> Excel workbook loaded successfully.
2016-07-25 15:01:26,948 - testscript - DEBUG - load_prod_matrix -> List of products to load: ['annuity', 'cb', 'fuwl', 'medsupp', 'spwl', 'srlife', 'stc', 'Hoja1']
2016-07-25 15:01:26,948 - testscript - DEBUG - load_prod_matrix -> Starting process for product: annuity
2016-07-25 15:01:26,948 - testscript - DEBUG - load_prod_matrix -> Sheet 'annuity' loaded
2016-07-25 15:01:26,958 - testscript - DEBUG - load_prod_matrix -> Finished process for product: annuity
2016-07-25 15:01:26,959 - testscript - DEBUG - load_prod_matrix -> Dict: {'AL': ['LA02P', 'LA03D', 'LA06T', 'LA08N', 'LA69A_SINGLE', 'LA69A_JOINT', 'LA07G_PBIA', 'LA07G_PTP', 'LA07G_GLIA_Q', 'LA07G_GLIA_NQ'], 'NY': ['BLNY-LA-06T'], 'OH': ['LA02P', 'LA03D', 'LA06T', 'LA08N', 'LA69A_SINGLE', 'LA69A_JOINT', 'LA07C_SG', 'LA07C_SP', 'LA07G_PBIA', 'LA07G_PTP', 'LA07G_GLIA_Q', 'LA07G_GLIA_NQ'], 'TX': ['LA02P', 'LA03D', 'LA06T', 'LA08N', 'LA69A_SINGLE', 'LA69A_JOINT', 'LA07C_SG', 'LA07C_SP', 'LA07G_PBIA', 'LA07G_PTP', 'LA07G_GLIA_Q', 'LA07G_GLIA_NQ'], 'DC': ['LA02P', 'LA03D', 'LA06T', 'LA08N', 'LA69A_SINGLE', 'LA69A_JOINT', 'LA07G_PBIA', 'LA07G_PTP', 'LA07G_GLIA_Q', 'LA07G_GLIA_NQ'], 'MN': ['LA02P', 'LA03D', 'LA06T', 'LA08N', 'LA69A_SINGLE', 'LA69A_JOINT', 'LA07G_PBIA', 'LA07G_PTP', 'LA07G_GLIA_Q', 'LA07G_GLIA_NQ'], 'MD': ['LA02P', 'LA03D', 'LA06T', 'LA08N', 'LA69A_SINGLE', 'LA69A_JOINT', 'LA07G_PBIA', 'LA07G_PTP', 'LA07G_GLIA_Q', 'LA07G_GLIA_NQ'], 'ND': ['LA02P', 'LA03D', 'LA06T', 'LA08N', 'LA69A_SINGLE', 'LA69A_JOINT', 'LA07C_SG', 'LA07C_SP', 'LA07G_PBIA', 'LA07G_PTP', 'LA07G_GLIA_Q', 'LA07G_GLIA_NQ'], 'PA': ['LA02P', 'LA03D', 'LA06T', 'LA08N', 'LA69A_SINGLE', 'LA69A_JOINT', 'LA07C_SG', 'LA07C_SP', 'LA07G_PBIA', 'LA07G_PTP', 'LA07G_GLIA_Q', 'LA07G_GLIA_NQ'], 'VA': ['LA02P', 'LA03D', 'LA06T', 'LA08N', 'LA69A_SINGLE', 'LA69A_JOINT', 'LA07C_SG', 'LA07C_SP', 'LA07G_PBIA', 'LA07G_PTP', 'LA07G_GLIA_Q', 'LA07G_GLIA_NQ'], 'ME': ['LA02P', 'LA03D', 'LA06T', 'LA08N', 'LA69A_SINGLE', 'LA69A_JOINT', 'LA07G_PBIA', 'LA07G_PTP', 'LA07G_GLIA_Q', 'LA07G_GLIA_NQ'], 'IA': ['LA02P', 'LA03D', 'LA06T', 'LA08N', 'LA69A_SINGLE', 'LA69A_JOINT', 'LA07G_PBIA', 'LA07G_PTP', 'LA07G_GLIA_Q', 'LA07G_GLIA_NQ'], 'IL': ['LA02P', 'LA03D', 'LA06T', 'LA08N', 'LA69A_SINGLE', 'LA69A_JOINT', 'LA07G_PBIA', 'LA07G_PTP', 'LA07G_GLIA_Q', 'LA07G_GLIA_NQ'], 'WV': ['LA02P', 'LA03D', 'LA06T', 'LA08N', 'LA69A_SINGLE', 'LA69A_JOINT', 'LA07G_PBIA', 'LA07G_PTP', 'LA07G_GLIA_Q', 'LA07G_GLIA_NQ'], 'AZ': ['LA02P', 'LA03D', 'LA06T', 'LA08N', 'LA69A_SINGLE', 'LA69A_JOINT', 'LA07G_PBIA', 'LA07G_PTP', 'LA07G_GLIA_Q', 'LA07G_GLIA_NQ'], 'WA': ['LA02P', 'LA03D', 'LA06T', 'LA08N', 'LA69A_SINGLE', 'LA69A_JOINT', 'LA07G_GLIA_Q', 'LA07G_GLIA_NQ', 'LA-07C(10)_PBIA', 'LA-07C(10)_PTP'], 'MO': ['LA02P', 'LA03D', 'LA06T', 'LA08N', 'LA69A_SINGLE', 'LA69A_JOINT', 'LA07G_PBIA', 'LA07G_PTP', 'LA07G_GLIA_Q', 'LA07G_GLIA_NQ'], 'CO': ['LA02P', 'LA03D', 'LA06T', 'LA08N', 'LA69A_SINGLE', 'LA69A_JOINT', 'LA07G_PBIA', 'LA07G_PTP', 'LA07G_GLIA_Q', 'LA07G_GLIA_NQ'], 'WY': ['LA02P', 'LA03D', 'LA06T', 'LA08N', 'LA69A_SINGLE', 'LA69A_JOINT', 'LA07G_PBIA', 'LA07G_PTP', 'LA07G_GLIA_Q', 'LA07G_GLIA_NQ'], 'MI': ['LA02P', 'LA03D', 'LA06T', 'LA08N', 'LA69A_SINGLE', 'LA69A_JOINT', 'LA07G_PBIA', 'LA07G_PTP', 'LA07G_GLIA_Q', 'LA07G_GLIA_NQ'], 'WI': ['LA02P', 'LA03D', 'LA06T', 'LA08N', 'LA69A_SINGLE', 'LA69A_JOINT', 'LA07G_PBIA', 'LA07G_PTP', 'LA07G_GLIA_Q', 'LA07G_GLIA_NQ'], 'VT': ['LA02P', 'LA03D', 'LA06T', 'LA08N', 'LA69A_SINGLE', 'LA69A_JOINT', 'LA07C_SG', 'LA07C_SP', 'LA07G_PBIA', 'LA07G_PTP', 'LA07G_GLIA_Q', 'LA07G_GLIA_NQ'], 'OK': ['LA02P', 'LA03D', 'LA06T', 'LA08N', 'LA69A_SINGLE', 'LA69A_JOINT', 'LA07C_SG', 'LA07C_SP', 'LA07G_PBIA', 'LA07G_PTP', 'LA07G_GLIA_Q', 'LA07G_GLIA_NQ'], 'NE': ['LA02P', 'LA03D', 'LA06T', 'LA08N', 'LA69A_SINGLE', 'LA69A_JOINT', 'LA07G_PBIA', 'LA07G_PTP', 'LA07G_GLIA_Q', 'LA07G_GLIA_NQ'], 'OR': ['LA02P', 'LA03D', 'LA06T', 'LA08N', 'LA69A_SINGLE', 'LA69A_JOINT', 'LA07C_SG', 'LA07C_SP', 'LA07G_PBIA', 'LA07G_PTP', 'LA07G_GLIA_Q', 'LA07G_GLIA_NQ'], 'RI': ['LA02P', 'LA03D', 'LA06T', 'LA08N', 'LA69A_SINGLE', 'LA69A_JOINT', 'LA07C_SG', 'LA07C_SP', 'LA07G_PBIA', 'LA07G_PTP', 'LA07G_GLIA_Q', 'LA07G_GLIA_NQ'], 'SC': ['LA02P', 'LA03D', 'LA06T', 'LA08N', 'LA69A_SINGLE', 'LA69A_JOINT', 'LA07C_SG', 'LA07C_SP', 'LA07G_PBIA', 'LA07G_PTP', 'LA07G_GLIA_Q', 'LA07G_GLIA_NQ'], 'IN': ['LA02P', 'LA03D', 'LA06T', 'LA08N', 'LA69A_SINGLE', 'LA69A_JOINT', 'LA07G_PBIA', 'LA07G_PTP', 'LA07G_GLIA_Q', 'LA07G_GLIA_NQ'], 'AR': ['LA02P', 'LA03D', 'LA06T', 'LA08N', 'LA69A_SINGLE', 'LA69A_JOINT', 'LA07G_PBIA', 'LA07G_PTP', 'LA07G_GLIA_Q', 'LA07G_GLIA_NQ'], 'SD': ['LA02P', 'LA03D', 'LA06T', 'LA08N', 'LA69A_SINGLE', 'LA69A_JOINT', 'LA07C_SG', 'LA07C_SP', 'LA07G_PBIA', 'LA07G_PTP', 'LA07G_GLIA_Q', 'LA07G_GLIA_NQ'], 'CA': ['LA02P', 'LA03D', 'LA06T', 'LA08N', 'LA69A_SINGLE', 'LA69A_JOINT', 'LA07G_PBIA', 'LA07G_PTP'], 'CT': ['LA02P', 'LA03D', 'LA06T', 'LA08N', 'LA69A_SINGLE', 'LA69A_JOINT', 'LA-07C(10)_PBIA', 'LA-07C(10)_PTP'], 'NM': ['LA02P', 'LA03D', 'LA06T', 'LA08N', 'LA69A_SINGLE', 'LA69A_JOINT', 'LA07G_PBIA', 'LA07G_PTP', 'LA07G_GLIA_Q', 'LA07G_GLIA_NQ'], 'MT': ['LA02P', 'LA03D', 'LA06T', 'LA08N', 'LA69A_SINGLE', 'LA69A_JOINT', 'LA07G_PBIA', 'LA07G_PTP', 'LA07G_GLIA_Q', 'LA07G_GLIA_NQ'], 'HI': ['LA02P', 'LA03D', 'LA06T', 'LA08N', 'LA69A_SINGLE', 'LA69A_JOINT', 'LA07G_PBIA', 'LA07G_PTP', 'LA07G_GLIA_Q', 'LA07G_GLIA_NQ'], 'GA': ['LA02P', 'LA03D', 'LA06T', 'LA08N', 'LA69A_SINGLE', 'LA69A_JOINT', 'LA07G_PBIA', 'LA07G_PTP', 'LA07G_GLIA_Q', 'LA07G_GLIA_NQ'], 'NH': ['LA02P', 'LA03D', 'LA06T', 'LA08N', 'LA69A_SINGLE', 'LA69A_JOINT', 'LA07G_PBIA', 'LA07G_PTP', 'LA07G_GLIA_Q', 'LA07G_GLIA_NQ'], 'FL': ['LA02P', 'LA03D', 'LA06T', 'LA08N', 'LA69A_SINGLE', 'LA69A_JOINT', 'LA07G_PBIA', 'LA07G_PTP', 'LA07G_GLIA_Q', 'LA07G_GLIA_NQ'], 'ID': ['LA02P', 'LA03D', 'LA06T', 'LA08N', 'LA69A_SINGLE', 'LA69A_JOINT', 'LA07G_PBIA', 'LA07G_PTP', 'LA07G_GLIA_Q', 'LA07G_GLIA_NQ'], 'KS': ['LA02P', 'LA03D', 'LA06T', 'LA08N', 'LA69A_SINGLE', 'LA69A_JOINT', 'LA07G_PBIA', 'LA07G_PTP', 'LA07G_GLIA_Q', 'LA07G_GLIA_NQ'], 'NJ': ['LA02P', 'LA03D', 'LA06T', 'LA08N', 'LA69A_SINGLE', 'LA69A_JOINT', 'LA07G_PBIA', 'LA07G_PTP', 'LA07G_GLIA_Q', 'LA07G_GLIA_NQ'], 'KY': ['LA02P', 'LA03D', 'LA06T', 'LA08N', 'LA69A_SINGLE', 'LA69A_JOINT', 'LA07G_PBIA', 'LA07G_PTP', 'LA07G_GLIA_Q', 'LA07G_GLIA_NQ'], 'LA': ['LA02P', 'LA03D', 'LA06T', 'LA08N', 'LA69A_SINGLE', 'LA69A_JOINT', 'LA07G_GLIA_Q', 'LA07G_GLIA_NQ', 'LA-07C(10)_PBIA', 'LA-07C(10)_PTP'], 'TN': ['LA02P', 'LA03D', 'LA06T', 'LA08N', 'LA69A_SINGLE', 'LA69A_JOINT', 'LA07C_SG', 'LA07C_SP', 'LA07G_PBIA', 'LA07G_PTP', 'LA07G_GLIA_Q', 'LA07G_GLIA_NQ'], 'NV': ['LA02P', 'LA03D', 'LA06T', 'LA08N', 'LA69A_SINGLE', 'LA69A_JOINT', 'LA07G_PBIA', 'LA07G_PTP', 'LA07G_GLIA_Q', 'LA07G_GLIA_NQ'], 'UT': ['LA02P', 'LA03D', 'LA06T', 'LA08N', 'LA69A_SINGLE', 'LA69A_JOINT', 'LA07C_SG', 'LA07C_SP', 'LA07G_PBIA', 'LA07G_PTP', 'LA07G_GLIA_Q', 'LA07G_GLIA_NQ'], 'DE': ['LA02P', 'LA03D', 'LA06T', 'LA08N', 'LA69A_SINGLE', 'LA69A_JOINT', 'LA07G_PBIA', 'LA07G_PTP', 'LA07G_GLIA_Q', 'LA07G_GLIA_NQ'], 'NC': ['LA02P', 'LA03D', 'LA06T', 'LA08N', 'LA69A_SINGLE', 'LA69A_JOINT', 'LA07C_SG', 'LA07C_SP', 'LA07G_PBIA', 'LA07G_PTP', 'LA07G_GLIA_Q', 'LA07G_GLIA_NQ'], 'MA': ['LA02P', 'LA03D', 'LA06T', 'LA08N', 'LA69A_SINGLE', 'LA69A_JOINT', 'LA07G_PBIA', 'LA07G_PTP', 'LA07G_GLIA_Q', 'LA07G_GLIA_NQ'], 'MS': ['LA02P', 'LA03D', 'LA06T', 'LA08N', 'LA69A_SINGLE', 'LA69A_JOINT', 'LA07G_PBIA', 'LA07G_PTP', 'LA07G_GLIA_Q', 'LA07G_GLIA_NQ'], 'AK': ['LA02P', 'LA03D', 'LA06T', 'LA08N', 'LA69A_SINGLE', 'LA69A_JOINT', 'LA07G_PBIA', 'LA07G_PTP', 'LA07G_GLIA_Q', 'LA07G_GLIA_NQ']}
2016-07-25 15:01:26,961 - testscript - DEBUG - load_prod_matrix -> Saving dict into json file
2016-07-25 15:01:26,961 - testscript - DEBUG - load_prod_matrix -> Product json file full paht: /Users/efgallegos/Dropbox/Automation/Bankers/Annuity/annuity_data.json
2016-07-25 15:01:26,963 - testscript - DEBUG - load_prod_matrix -> JSON file saved
2016-07-25 15:01:26,963 - testscript - DEBUG - load_prod_matrix -> Starting process for product: cb
2016-07-25 15:01:26,963 - testscript - DEBUG - load_prod_matrix -> Sheet 'cb' loaded
2016-07-25 15:01:26,964 - testscript - DEBUG - load_prod_matrix -> Finished process for product: cb
2016-07-25 15:01:26,965 - testscript - DEBUG - load_prod_matrix -> Dict: {}
2016-07-25 15:01:26,965 - testscript - DEBUG - load_prod_matrix -> Saving dict into json file
2016-07-25 15:01:26,965 - testscript - DEBUG - load_prod_matrix -> Product json file full paht: /Users/efgallegos/Dropbox/Automation/Bankers/CB/cb_data.json
2016-07-25 15:01:26,965 - testscript - DEBUG - load_prod_matrix -> JSON file saved
2016-07-25 15:01:26,965 - testscript - DEBUG - load_prod_matrix -> Starting process for product: fuwl
2016-07-25 15:01:26,965 - testscript - DEBUG - load_prod_matrix -> Sheet 'fuwl' loaded
2016-07-25 15:01:26,968 - testscript - DEBUG - load_prod_matrix -> Finished process for product: fuwl
2016-07-25 15:01:26,968 - testscript - DEBUG - load_prod_matrix -> Dict: {}
2016-07-25 15:01:26,968 - testscript - DEBUG - load_prod_matrix -> Saving dict into json file
2016-07-25 15:01:26,968 - testscript - DEBUG - load_prod_matrix -> Product json file full paht: /Users/efgallegos/Dropbox/Automation/Bankers/FUWL/fuwl_data.json
2016-07-25 15:01:26,968 - testscript - DEBUG - load_prod_matrix -> JSON file saved
2016-07-25 15:01:26,968 - testscript - DEBUG - load_prod_matrix -> Starting process for product: medsupp
2016-07-25 15:01:26,968 - testscript - DEBUG - load_prod_matrix -> Sheet 'medsupp' loaded
2016-07-25 15:01:26,970 - testscript - DEBUG - load_prod_matrix -> Finished process for product: medsupp
2016-07-25 15:01:26,970 - testscript - DEBUG - load_prod_matrix -> Dict: {}
2016-07-25 15:01:26,970 - testscript - DEBUG - load_prod_matrix -> Saving dict into json file
2016-07-25 15:01:26,970 - testscript - DEBUG - load_prod_matrix -> Product json file full paht: /Users/efgallegos/Dropbox/Automation/Bankers/MedSupp/medsupp_data.json
2016-07-25 15:01:26,970 - testscript - DEBUG - load_prod_matrix -> JSON file saved
2016-07-25 15:01:26,970 - testscript - DEBUG - load_prod_matrix -> Starting process for product: spwl
2016-07-25 15:01:26,970 - testscript - DEBUG - load_prod_matrix -> Sheet 'spwl' loaded
2016-07-25 15:01:26,971 - testscript - DEBUG - load_prod_matrix -> Finished process for product: spwl
2016-07-25 15:01:26,971 - testscript - DEBUG - load_prod_matrix -> Dict: {}
2016-07-25 15:01:26,971 - testscript - DEBUG - load_prod_matrix -> Saving dict into json file
2016-07-25 15:01:26,971 - testscript - DEBUG - load_prod_matrix -> Product json file full paht: /Users/efgallegos/Dropbox/Automation/Bankers/SPWL/spwl_data.json
2016-07-25 15:01:26,972 - testscript - DEBUG - load_prod_matrix -> JSON file saved
2016-07-25 15:01:26,972 - testscript - DEBUG - load_prod_matrix -> Starting process for product: srlife
2016-07-25 15:01:26,972 - testscript - DEBUG - load_prod_matrix -> Sheet 'srlife' loaded
2016-07-25 15:01:26,974 - testscript - DEBUG - load_prod_matrix -> Finished process for product: srlife
2016-07-25 15:01:26,974 - testscript - DEBUG - load_prod_matrix -> Dict: {}
2016-07-25 15:01:26,974 - testscript - DEBUG - load_prod_matrix -> Saving dict into json file
2016-07-25 15:01:26,974 - testscript - DEBUG - load_prod_matrix -> Product json file full paht: /Users/efgallegos/Dropbox/Automation/Bankers/SrLife/srlife_data.json
2016-07-25 15:01:26,974 - testscript - DEBUG - load_prod_matrix -> JSON file saved
2016-07-25 15:01:26,974 - testscript - DEBUG - load_prod_matrix -> Starting process for product: stc
2016-07-25 15:01:26,974 - testscript - DEBUG - load_prod_matrix -> Sheet 'stc' loaded
2016-07-25 15:01:26,976 - testscript - DEBUG - load_prod_matrix -> Finished process for product: stc
2016-07-25 15:01:26,976 - testscript - DEBUG - load_prod_matrix -> Dict: {}
2016-07-25 15:01:26,976 - testscript - DEBUG - load_prod_matrix -> Saving dict into json file
2016-07-25 15:01:26,976 - testscript - DEBUG - load_prod_matrix -> Product json file full paht: /Users/efgallegos/Dropbox/Automation/Bankers/STC/stc_data.json
2016-07-25 15:01:26,976 - testscript - DEBUG - load_prod_matrix -> JSON file saved
2016-07-25 15:01:26,976 - testscript - DEBUG - load_prod_matrix -> Starting process for product: Hoja1
2016-07-25 15:01:26,977 - testscript - DEBUG - load_prod_matrix -> Sheet 'Hoja1' loaded
2016-07-25 15:01:26,977 - testscript - DEBUG - load_prod_matrix -> Finished process for product: Hoja1
2016-07-25 15:01:26,977 - testscript - DEBUG - load_prod_matrix -> Dict: {}
2016-07-25 15:01:26,977 - testscript - DEBUG - load_prod_matrix -> Saving dict into json file
2016-07-25 15:03:37,047 - testscript - INFO - load_prod_matrix -> ################################################################################
2016-07-25 15:03:37,047 - testscript - INFO - load_prod_matrix -> Start time:2016-07-25 15:03:37.047102
2016-07-25 15:03:37,047 - testscript - INFO - load_prod_matrix -> Parameters list:
2016-07-25 15:03:37,047 - testscript - INFO - load_prod_matrix -> 	Carrier: bankers (Default value)
2016-07-25 15:03:37,047 - testscript - INFO - load_prod_matrix -> 	Excel full path: /Users/efgallegos/Dropbox/Automation/Bankers/bankers_product_matrix.xlsx (Default value)
2016-07-25 15:03:37,047 - testscript - INFO - load_prod_matrix -> --------------------------------------------------------------------------------
2016-07-25 15:03:37,047 - testscript - DEBUG - load_prod_matrix -> Loading excel workbook...
2016-07-25 15:03:37,368 - testscript - DEBUG - load_prod_matrix -> Excel workbook loaded successfully.
2016-07-25 15:03:37,368 - testscript - DEBUG - load_prod_matrix -> List of products to load: ['annuity', 'cb', 'fuwl', 'medsupp', 'spwl', 'srlife', 'stc']
2016-07-25 15:03:37,368 - testscript - DEBUG - load_prod_matrix -> Starting process for product: annuity
2016-07-25 15:03:37,369 - testscript - DEBUG - load_prod_matrix -> Sheet 'annuity' loaded
2016-07-25 15:03:37,379 - testscript - DEBUG - load_prod_matrix -> Finished process for product: annuity
2016-07-25 15:03:37,379 - testscript - DEBUG - load_prod_matrix -> Dict: {'ID': ['LA02P', 'LA03D', 'LA06T', 'LA08N', 'LA69A_SINGLE', 'LA69A_JOINT', 'LA07G_PBIA', 'LA07G_PTP', 'LA07G_GLIA_Q', 'LA07G_GLIA_NQ'], 'KS': ['LA02P', 'LA03D', 'LA06T', 'LA08N', 'LA69A_SINGLE', 'LA69A_JOINT', 'LA07G_PBIA', 'LA07G_PTP', 'LA07G_GLIA_Q', 'LA07G_GLIA_NQ'], 'KY': ['LA02P', 'LA03D', 'LA06T', 'LA08N', 'LA69A_SINGLE', 'LA69A_JOINT', 'LA07G_PBIA', 'LA07G_PTP', 'LA07G_GLIA_Q', 'LA07G_GLIA_NQ'], 'TX': ['LA02P', 'LA03D', 'LA06T', 'LA08N', 'LA69A_SINGLE', 'LA69A_JOINT', 'LA07C_SG', 'LA07C_SP', 'LA07G_PBIA', 'LA07G_PTP', 'LA07G_GLIA_Q', 'LA07G_GLIA_NQ'], 'NC': ['LA02P', 'LA03D', 'LA06T', 'LA08N', 'LA69A_SINGLE', 'LA69A_JOINT', 'LA07C_SG', 'LA07C_SP', 'LA07G_PBIA', 'LA07G_PTP', 'LA07G_GLIA_Q', 'LA07G_GLIA_NQ'], 'UT': ['LA02P', 'LA03D', 'LA06T', 'LA08N', 'LA69A_SINGLE', 'LA69A_JOINT', 'LA07C_SG', 'LA07C_SP', 'LA07G_PBIA', 'LA07G_PTP', 'LA07G_GLIA_Q', 'LA07G_GLIA_NQ'], 'ME': ['LA02P', 'LA03D', 'LA06T', 'LA08N', 'LA69A_SINGLE', 'LA69A_JOINT', 'LA07G_PBIA', 'LA07G_PTP', 'LA07G_GLIA_Q', 'LA07G_GLIA_NQ'], 'IN': ['LA02P', 'LA03D', 'LA06T', 'LA08N', 'LA69A_SINGLE', 'LA69A_JOINT', 'LA07G_PBIA', 'LA07G_PTP', 'LA07G_GLIA_Q', 'LA07G_GLIA_NQ'], 'WY': ['LA02P', 'LA03D', 'LA06T', 'LA08N', 'LA69A_SINGLE', 'LA69A_JOINT', 'LA07G_PBIA', 'LA07G_PTP', 'LA07G_GLIA_Q', 'LA07G_GLIA_NQ'], 'SD': ['LA02P', 'LA03D', 'LA06T', 'LA08N', 'LA69A_SINGLE', 'LA69A_JOINT', 'LA07C_SG', 'LA07C_SP', 'LA07G_PBIA', 'LA07G_PTP', 'LA07G_GLIA_Q', 'LA07G_GLIA_NQ'], 'WA': ['LA02P', 'LA03D', 'LA06T', 'LA08N', 'LA69A_SINGLE', 'LA69A_JOINT', 'LA07G_GLIA_Q', 'LA07G_GLIA_NQ', 'LA-07C(10)_PBIA', 'LA-07C(10)_PTP'], 'MD': ['LA02P', 'LA03D', 'LA06T', 'LA08N', 'LA69A_SINGLE', 'LA69A_JOINT', 'LA07G_PBIA', 'LA07G_PTP', 'LA07G_GLIA_Q', 'LA07G_GLIA_NQ'], 'HI': ['LA02P', 'LA03D', 'LA06T', 'LA08N', 'LA69A_SINGLE', 'LA69A_JOINT', 'LA07G_PBIA', 'LA07G_PTP', 'LA07G_GLIA_Q', 'LA07G_GLIA_NQ'], 'FL': ['LA02P', 'LA03D', 'LA06T', 'LA08N', 'LA69A_SINGLE', 'LA69A_JOINT', 'LA07G_PBIA', 'LA07G_PTP', 'LA07G_GLIA_Q', 'LA07G_GLIA_NQ'], 'CT': ['LA02P', 'LA03D', 'LA06T', 'LA08N', 'LA69A_SINGLE', 'LA69A_JOINT', 'LA-07C(10)_PBIA', 'LA-07C(10)_PTP'], 'VA': ['LA02P', 'LA03D', 'LA06T', 'LA08N', 'LA69A_SINGLE', 'LA69A_JOINT', 'LA07C_SG', 'LA07C_SP', 'LA07G_PBIA', 'LA07G_PTP', 'LA07G_GLIA_Q', 'LA07G_GLIA_NQ'], 'NH': ['LA02P', 'LA03D', 'LA06T', 'LA08N', 'LA69A_SINGLE', 'LA69A_JOINT', 'LA07G_PBIA', 'LA07G_PTP', 'LA07G_GLIA_Q', 'LA07G_GLIA_NQ'], 'MT': ['LA02P', 'LA03D', 'LA06T', 'LA08N', 'LA69A_SINGLE', 'LA69A_JOINT', 'LA07G_PBIA', 'LA07G_PTP', 'LA07G_GLIA_Q', 'LA07G_GLIA_NQ'], 'CA': ['LA02P', 'LA03D', 'LA06T', 'LA08N', 'LA69A_SINGLE', 'LA69A_JOINT', 'LA07G_PBIA', 'LA07G_PTP'], 'DC': ['LA02P', 'LA03D', 'LA06T', 'LA08N', 'LA69A_SINGLE', 'LA69A_JOINT', 'LA07G_PBIA', 'LA07G_PTP', 'LA07G_GLIA_Q', 'LA07G_GLIA_NQ'], 'SC': ['LA02P', 'LA03D', 'LA06T', 'LA08N', 'LA69A_SINGLE', 'LA69A_JOINT', 'LA07C_SG', 'LA07C_SP', 'LA07G_PBIA', 'LA07G_PTP', 'LA07G_GLIA_Q', 'LA07G_GLIA_NQ'], 'NY': ['BLNY-LA-06T'], 'MS': ['LA02P', 'LA03D', 'LA06T', 'LA08N', 'LA69A_SINGLE', 'LA69A_JOINT', 'LA07G_PBIA', 'LA07G_PTP', 'LA07G_GLIA_Q', 'LA07G_GLIA_NQ'], 'NE': ['LA02P', 'LA03D', 'LA06T', 'LA08N', 'LA69A_SINGLE', 'LA69A_JOINT', 'LA07G_PBIA', 'LA07G_PTP', 'LA07G_GLIA_Q', 'LA07G_GLIA_NQ'], 'MA': ['LA02P', 'LA03D', 'LA06T', 'LA08N', 'LA69A_SINGLE', 'LA69A_JOINT', 'LA07G_PBIA', 'LA07G_PTP', 'LA07G_GLIA_Q', 'LA07G_GLIA_NQ'], 'RI': ['LA02P', 'LA03D', 'LA06T', 'LA08N', 'LA69A_SINGLE', 'LA69A_JOINT', 'LA07C_SG', 'LA07C_SP', 'LA07G_PBIA', 'LA07G_PTP', 'LA07G_GLIA_Q', 'LA07G_GLIA_NQ'], 'CO': ['LA02P', 'LA03D', 'LA06T', 'LA08N', 'LA69A_SINGLE', 'LA69A_JOINT', 'LA07G_PBIA', 'LA07G_PTP', 'LA07G_GLIA_Q', 'LA07G_GLIA_NQ'], 'VT': ['LA02P', 'LA03D', 'LA06T', 'LA08N', 'LA69A_SINGLE', 'LA69A_JOINT', 'LA07C_SG', 'LA07C_SP', 'LA07G_PBIA', 'LA07G_PTP', 'LA07G_GLIA_Q', 'LA07G_GLIA_NQ'], 'LA': ['LA02P', 'LA03D', 'LA06T', 'LA08N', 'LA69A_SINGLE', 'LA69A_JOINT', 'LA07G_GLIA_Q', 'LA07G_GLIA_NQ', 'LA-07C(10)_PBIA', 'LA-07C(10)_PTP'], 'OR': ['LA02P', 'LA03D', 'LA06T', 'LA08N', 'LA69A_SINGLE', 'LA69A_JOINT', 'LA07C_SG', 'LA07C_SP', 'LA07G_PBIA', 'LA07G_PTP', 'LA07G_GLIA_Q', 'LA07G_GLIA_NQ'], 'WI': ['LA02P', 'LA03D', 'LA06T', 'LA08N', 'LA69A_SINGLE', 'LA69A_JOINT', 'LA07G_PBIA', 'LA07G_PTP', 'LA07G_GLIA_Q', 'LA07G_GLIA_NQ'], 'AL': ['LA02P', 'LA03D', 'LA06T', 'LA08N', 'LA69A_SINGLE', 'LA69A_JOINT', 'LA07G_PBIA', 'LA07G_PTP', 'LA07G_GLIA_Q', 'LA07G_GLIA_NQ'], 'NJ': ['LA02P', 'LA03D', 'LA06T', 'LA08N', 'LA69A_SINGLE', 'LA69A_JOINT', 'LA07G_PBIA', 'LA07G_PTP', 'LA07G_GLIA_Q', 'LA07G_GLIA_NQ'], 'WV': ['LA02P', 'LA03D', 'LA06T', 'LA08N', 'LA69A_SINGLE', 'LA69A_JOINT', 'LA07G_PBIA', 'LA07G_PTP', 'LA07G_GLIA_Q', 'LA07G_GLIA_NQ'], 'MI': ['LA02P', 'LA03D', 'LA06T', 'LA08N', 'LA69A_SINGLE', 'LA69A_JOINT', 'LA07G_PBIA', 'LA07G_PTP', 'LA07G_GLIA_Q', 'LA07G_GLIA_NQ'], 'TN': ['LA02P', 'LA03D', 'LA06T', 'LA08N', 'LA69A_SINGLE', 'LA69A_JOINT', 'LA07C_SG', 'LA07C_SP', 'LA07G_PBIA', 'LA07G_PTP', 'LA07G_GLIA_Q', 'LA07G_GLIA_NQ'], 'AR': ['LA02P', 'LA03D', 'LA06T', 'LA08N', 'LA69A_SINGLE', 'LA69A_JOINT', 'LA07G_PBIA', 'LA07G_PTP', 'LA07G_GLIA_Q', 'LA07G_GLIA_NQ'], 'PA': ['LA02P', 'LA03D', 'LA06T', 'LA08N', 'LA69A_SINGLE', 'LA69A_JOINT', 'LA07C_SG', 'LA07C_SP', 'LA07G_PBIA', 'LA07G_PTP', 'LA07G_GLIA_Q', 'LA07G_GLIA_NQ'], 'OH': ['LA02P', 'LA03D', 'LA06T', 'LA08N', 'LA69A_SINGLE', 'LA69A_JOINT', 'LA07C_SG', 'LA07C_SP', 'LA07G_PBIA', 'LA07G_PTP', 'LA07G_GLIA_Q', 'LA07G_GLIA_NQ'], 'NM': ['LA02P', 'LA03D', 'LA06T', 'LA08N', 'LA69A_SINGLE', 'LA69A_JOINT', 'LA07G_PBIA', 'LA07G_PTP', 'LA07G_GLIA_Q', 'LA07G_GLIA_NQ'], 'NV': ['LA02P', 'LA03D', 'LA06T', 'LA08N', 'LA69A_SINGLE', 'LA69A_JOINT', 'LA07G_PBIA', 'LA07G_PTP', 'LA07G_GLIA_Q', 'LA07G_GLIA_NQ'], 'IL': ['LA02P', 'LA03D', 'LA06T', 'LA08N', 'LA69A_SINGLE', 'LA69A_JOINT', 'LA07G_PBIA', 'LA07G_PTP', 'LA07G_GLIA_Q', 'LA07G_GLIA_NQ'], 'MN': ['LA02P', 'LA03D', 'LA06T', 'LA08N', 'LA69A_SINGLE', 'LA69A_JOINT', 'LA07G_PBIA', 'LA07G_PTP', 'LA07G_GLIA_Q', 'LA07G_GLIA_NQ'], 'OK': ['LA02P', 'LA03D', 'LA06T', 'LA08N', 'LA69A_SINGLE', 'LA69A_JOINT', 'LA07C_SG', 'LA07C_SP', 'LA07G_PBIA', 'LA07G_PTP', 'LA07G_GLIA_Q', 'LA07G_GLIA_NQ'], 'AZ': ['LA02P', 'LA03D', 'LA06T', 'LA08N', 'LA69A_SINGLE', 'LA69A_JOINT', 'LA07G_PBIA', 'LA07G_PTP', 'LA07G_GLIA_Q', 'LA07G_GLIA_NQ'], 'ND': ['LA02P', 'LA03D', 'LA06T', 'LA08N', 'LA69A_SINGLE', 'LA69A_JOINT', 'LA07C_SG', 'LA07C_SP', 'LA07G_PBIA', 'LA07G_PTP', 'LA07G_GLIA_Q', 'LA07G_GLIA_NQ'], 'MO': ['LA02P', 'LA03D', 'LA06T', 'LA08N', 'LA69A_SINGLE', 'LA69A_JOINT', 'LA07G_PBIA', 'LA07G_PTP', 'LA07G_GLIA_Q', 'LA07G_GLIA_NQ'], 'GA': ['LA02P', 'LA03D', 'LA06T', 'LA08N', 'LA69A_SINGLE', 'LA69A_JOINT', 'LA07G_PBIA', 'LA07G_PTP', 'LA07G_GLIA_Q', 'LA07G_GLIA_NQ'], 'DE': ['LA02P', 'LA03D', 'LA06T', 'LA08N', 'LA69A_SINGLE', 'LA69A_JOINT', 'LA07G_PBIA', 'LA07G_PTP', 'LA07G_GLIA_Q', 'LA07G_GLIA_NQ'], 'AK': ['LA02P', 'LA03D', 'LA06T', 'LA08N', 'LA69A_SINGLE', 'LA69A_JOINT', 'LA07G_PBIA', 'LA07G_PTP', 'LA07G_GLIA_Q', 'LA07G_GLIA_NQ'], 'IA': ['LA02P', 'LA03D', 'LA06T', 'LA08N', 'LA69A_SINGLE', 'LA69A_JOINT', 'LA07G_PBIA', 'LA07G_PTP', 'LA07G_GLIA_Q', 'LA07G_GLIA_NQ']}
2016-07-25 15:03:37,379 - testscript - DEBUG - load_prod_matrix -> Saving dict into json file
2016-07-25 15:03:37,379 - testscript - DEBUG - load_prod_matrix -> Product json file full paht: /Users/efgallegos/Dropbox/Automation/Bankers/Annuity/annuity_data.json
2016-07-25 15:03:37,381 - testscript - DEBUG - load_prod_matrix -> JSON file saved
2016-07-25 15:03:37,381 - testscript - DEBUG - load_prod_matrix -> Starting process for product: cb
2016-07-25 15:03:37,381 - testscript - DEBUG - load_prod_matrix -> Sheet 'cb' loaded
2016-07-25 15:03:37,384 - testscript - DEBUG - load_prod_matrix -> Finished process for product: cb
2016-07-25 15:03:37,384 - testscript - DEBUG - load_prod_matrix -> Dict: {'ID': ['GR-G220', 'GR-G222', 'GR-G224'], 'KS': ['GR-G220', 'GR-G222', 'GR-G224'], 'KY': ['GR-G220', 'GR-G222', 'GR-G224'], 'TX': ['GR-G220', 'GR-G222', 'GR-G224'], 'NC': ['GR-G220', 'GR-G222', 'GR-G224'], 'UT': ['GR-G220', 'GR-G222', 'GR-G224'], 'ME': ['GR-G220', 'GR-G222', 'GR-G224'], 'IN': ['GR-G220', 'GR-G222', 'GR-G224'], 'WY': ['GR-G222'], 'SD': ['GR-G220', 'GR-G222', 'GR-G224'], 'MD': ['GR-G220', 'GR-G222', 'GR-G224'], 'CT': ['GR-G224'], 'FL': ['GR-G220', 'GR-G222', 'GR-G224'], 'HI': ['GR-G220', 'GR-G222', 'GR-G224'], 'VA': ['GR-G220', 'GR-G222', 'GR-G224'], 'NH': ['GR-G220', 'GR-G222', 'GR-G224'], 'MT': ['GR-G220', 'GR-G222', 'GR-G224'], 'CA': ['GR-G220', 'GR-G222', 'GR-G224'], 'SC': ['GR-G220', 'GR-G222', 'GR-G224'], 'NY': ['BLNY-GR-G224'], 'MS': ['GR-G220', 'GR-G222', 'GR-G224'], 'NE': ['GR-G220', 'GR-G222', 'GR-G224'], 'MA': ['GR-G220', 'GR-G222', 'GR-G224'], 'RI': ['GR-G220', 'GR-G222', 'GR-G224'], 'CO': ['GR-G220', 'GR-G222', 'GR-G224'], 'VT': ['GR-G220', 'GR-G222', 'GR-G224'], 'LA': ['GR-G220', 'GR-G222', 'GR-G224'], 'OR': ['GR-G220', 'GR-G222', 'GR-G224'], 'WI': ['GR-G220', 'GR-G222', 'GR-G224'], 'AL': ['GR-G220', 'GR-G222', 'GR-G224'], 'NJ': ['GR-G224'], 'WV': ['GR-G220', 'GR-G222', 'GR-G224'], 'MI': ['GR-G220', 'GR-G222', 'GR-G224'], 'TN': ['GR-G220', 'GR-G222', 'GR-G224'], 'AR': ['GR-G220', 'GR-G222', 'GR-G224'], 'PA': ['GR-G220', 'GR-G222', 'GR-G224'], 'OH': ['GR-G220', 'GR-G222', 'GR-G224'], 'NM': ['GR-G220', 'GR-G222', 'GR-G224'], 'NV': ['GR-G220', 'GR-G222', 'GR-G224'], 'IL': ['GR-G220', 'GR-G222', 'GR-G224'], 'MN': ['GR-G220', 'GR-G222', 'GR-G224'], 'OK': ['GR-G220', 'GR-G222', 'GR-G224'], 'AZ': ['GR-G220', 'GR-G222', 'GR-G224'], 'ND': ['GR-G220', 'GR-G222', 'GR-G224'], 'MO': ['GR-G220', 'GR-G222', 'GR-G224'], 'GA': ['GR-G220', 'GR-G222', 'GR-G224'], 'DE': ['GR-G220', 'GR-G222', 'GR-G224'], 'AK': ['GR-G220', 'GR-G222', 'GR-G224'], 'IA': ['GR-G220', 'GR-G222', 'GR-G224']}
2016-07-25 15:03:37,384 - testscript - DEBUG - load_prod_matrix -> Saving dict into json file
2016-07-25 15:03:37,384 - testscript - DEBUG - load_prod_matrix -> Product json file full paht: /Users/efgallegos/Dropbox/Automation/Bankers/CB/cb_data.json
2016-07-25 15:03:37,385 - testscript - DEBUG - load_prod_matrix -> JSON file saved
2016-07-25 15:03:37,385 - testscript - DEBUG - load_prod_matrix -> Starting process for product: fuwl
2016-07-25 15:03:37,385 - testscript - DEBUG - load_prod_matrix -> Sheet 'fuwl' loaded
2016-07-25 15:03:37,389 - testscript - DEBUG - load_prod_matrix -> Finished process for product: fuwl
2016-07-25 15:03:37,389 - testscript - DEBUG - load_prod_matrix -> Dict: {'ID': ['19E', '20E', '14X', 'L-5Z1', '10S'], 'KS': ['19E', '20E', '14X', 'L-5Z1', '10S'], 'KY': ['19E', '20E', '14X', 'L-5Z1', '10S'], 'TX': ['19E', '20E', '14X', 'L-5Z1', '10S'], 'NC': ['19E', '20E', '14X', 'L-5Z1', '10S'], 'UT': ['19E', '20E', '14X', 'L-5Z1', '10S'], 'ME': ['19E', '20E', '14X', 'L-5Z1', '10S'], 'IN': ['19E', '20E', '14X', 'L-5Z1', '10S'], 'WY': ['19E', '20E', '14X', 'L-5Z1', '10S'], 'SD': ['19E', '20E', '14X', 'L-5Z1', '10S'], 'WA': ['19E', '20E', '14X', 'L-5Z1', '10S'], 'MD': ['19E', '20E', '14X', 'L-5Z1', '10S'], 'HI': ['19E', '20E', '14X', 'L-5Z1', '10S'], 'FL': ['19E', '20E', '14X', 'L-5Z1', '10S'], 'CT': ['19E', '20E', '14X', 'L-5Z1', '10S'], 'VA': ['19E', '20E', '14X', 'L-5Z1', '10S'], 'NH': ['19E', '20E', '14X', 'L-5Z1', '10S'], 'MT': ['19E', '20E', '14X', 'L-5Z1', '10S'], 'CA': ['19E', '20E', '14X', 'L-5Z1', '10S'], 'DC': ['19E', '20E', '14X', 'L-5Z1', '10S'], 'SC': ['19E', '20E', '14X', 'L-5Z1', '10S'], 'NY': ['20E', '10S'], 'MS': ['19E', '20E', '14X', 'L-5Z1', '10S'], 'NE': ['19E', '20E', '14X', 'L-5Z1', '10S'], 'MA': ['19E', '20E', '14X', 'L-5Z1', '10S'], 'RI': ['19E', '20E', '14X', 'L-5Z1', '10S'], 'CO': ['19E', '20E', '14X', 'L-5Z1', '10S'], 'VT': ['19E', '20E', '14X', 'L-5Z1', '10S'], 'LA': ['19E', '20E', '14X', 'L-5Z1', '10S'], 'OR': ['19E', '20E', '14X', 'L-5Z1', '10S'], 'WI': ['19E', '20E', '14X', 'L-5Z1', '10S'], 'AL': ['19E', '20E', '14X', 'L-5Z1', '10S'], 'NJ': ['19E', '20E', '14X', 'L-5Z1', '10S'], 'WV': ['19E', '20E', '14X', 'L-5Z1', '10S'], 'MI': ['19E', '20E', '14X', 'L-5Z1', '10S'], 'TN': ['19E', '20E', '14X', 'L-5Z1', '10S'], 'AR': ['19E', '20E', '14X', 'L-5Z1', '10S'], 'PA': ['19E', '20E', '14X', 'L-5Z1', '10S'], 'OH': ['19E', '20E', '14X', 'L-5Z1', '10S'], 'NM': ['19E', '20E', '14X', 'L-5Z1', '10S'], 'NV': ['19E', '20E', '14X', 'L-5Z1', '10S'], 'IL': ['19E', '20E', '14X', 'L-5Z1', '10S'], 'MN': ['19E', '20E', '14X', 'L-5Z1', '10S'], 'OK': ['19E', '20E', '14X', 'L-5Z1', '10S'], 'AZ': ['19E', '20E', '14X', 'L-5Z1', '10S'], 'ND': ['19E', '20E', '14X', 'L-5Z1', '10S'], 'MO': ['19E', '20E', '14X', 'L-5Z1', '10S'], 'GA': ['19E', '20E', '14X', 'L-5Z1', '10S'], 'DE': ['19E', '20E', '14X', 'L-5Z1', '10S'], 'AK': ['19E', '20E', '14X', 'L-5Z1', '10S'], 'IA': ['19E', '20E', '14X', 'L-5Z1', '10S']}
2016-07-25 15:03:37,390 - testscript - DEBUG - load_prod_matrix -> Saving dict into json file
2016-07-25 15:03:37,390 - testscript - DEBUG - load_prod_matrix -> Product json file full paht: /Users/efgallegos/Dropbox/Automation/Bankers/FUWL/fuwl_data.json
2016-07-25 15:03:37,391 - testscript - DEBUG - load_prod_matrix -> JSON file saved
2016-07-25 15:03:37,391 - testscript - DEBUG - load_prod_matrix -> Starting process for product: medsupp
2016-07-25 15:03:37,391 - testscript - DEBUG - load_prod_matrix -> Sheet 'medsupp' loaded
2016-07-25 15:03:37,393 - testscript - DEBUG - load_prod_matrix -> Finished process for product: medsupp
2016-07-25 15:03:37,393 - testscript - DEBUG - load_prod_matrix -> Dict: {'ID': ['MEDSUPP'], 'KS': ['MEDSUPP'], 'KY': ['MEDSUPP'], 'TX': ['MEDSUPP'], 'NC': ['MEDSUPP'], 'UT': ['MEDSUPP'], 'ME': ['MEDSUPP'], 'IN': ['MEDSUPP'], 'WY': ['MEDSUPP'], 'SD': ['MEDSUPP'], 'WA': ['MEDSUPP'], 'MD': ['MEDSUPP'], 'HI': ['MEDSUPP'], 'FL': ['MEDSUPP'], 'CT': ['MEDSUPP'], 'VA': ['MEDSUPP'], 'NH': ['MEDSUPP'], 'MT': ['MEDSUPP'], 'CA': ['MEDSUPP'], 'DC': ['MEDSUPP'], 'SC': ['MEDSUPP'], 'NY': ['MEDSUPP'], 'MS': ['MEDSUPP'], 'NE': ['MEDSUPP'], 'RI': ['MEDSUPP'], 'CO': ['MEDSUPP'], 'VT': ['MEDSUPP'], 'LA': ['MEDSUPP'], 'OR': ['MEDSUPP'], 'WI': ['MEDSUPP', 'CPL-GR-A830'], 'AL': ['MEDSUPP'], 'NJ': ['MEDSUPP'], 'WV': ['MEDSUPP'], 'MI': ['MEDSUPP'], 'TN': ['MEDSUPP'], 'AR': ['MEDSUPP'], 'PA': ['MEDSUPP'], 'OH': ['MEDSUPP'], 'NM': ['MEDSUPP'], 'NV': ['MEDSUPP'], 'IL': ['MEDSUPP'], 'MN': ['MEDSUPP', 'CPL-GR-A820'], 'OK': ['MEDSUPP'], 'AZ': ['MEDSUPP'], 'ND': ['MEDSUPP'], 'MO': ['MEDSUPP'], 'GA': ['MEDSUPP'], 'DE': ['MEDSUPP'], 'AK': ['MEDSUPP'], 'IA': ['MEDSUPP']}
2016-07-25 15:03:37,393 - testscript - DEBUG - load_prod_matrix -> Saving dict into json file
2016-07-25 15:03:37,393 - testscript - DEBUG - load_prod_matrix -> Product json file full paht: /Users/efgallegos/Dropbox/Automation/Bankers/MedSupp/medsupp_data.json
2016-07-25 15:03:37,394 - testscript - DEBUG - load_prod_matrix -> JSON file saved
2016-07-25 15:03:37,394 - testscript - DEBUG - load_prod_matrix -> Starting process for product: spwl
2016-07-25 15:03:37,394 - testscript - DEBUG - load_prod_matrix -> Sheet 'spwl' loaded
2016-07-25 15:03:37,395 - testscript - DEBUG - load_prod_matrix -> Finished process for product: spwl
2016-07-25 15:03:37,395 - testscript - DEBUG - load_prod_matrix -> Dict: {'ID': ['14W'], 'KS': ['14W'], 'KY': ['14W'], 'TX': ['14W'], 'NC': ['14W'], 'UT': ['14W'], 'ME': ['14W'], 'IN': ['14W'], 'WY': ['14W'], 'SD': ['14W'], 'WA': ['14W'], 'MD': ['14W'], 'HI': ['14W'], 'FL': ['14W'], 'CT': ['14W'], 'VA': ['14W'], 'NH': ['14W'], 'MT': ['14W'], 'CA': ['14W'], 'DC': ['14W'], 'SC': ['14W'], 'NY': ['14W'], 'MS': ['14W'], 'NE': ['14W'], 'MA': ['14W'], 'RI': ['14W'], 'CO': ['14W'], 'VT': ['14W'], 'LA': ['14W'], 'OR': ['14W'], 'WI': ['14W'], 'AL': ['14W'], 'NJ': ['14W'], 'WV': ['14W'], 'MI': ['14W'], 'TN': ['14W'], 'AR': ['14W'], 'PA': ['14W'], 'OH': ['14W'], 'NM': ['14W'], 'NV': ['14W'], 'IL': ['14W'], 'MN': ['14W'], 'OK': ['14W'], 'AZ': ['14W'], 'ND': ['14W'], 'MO': ['14W'], 'GA': ['14W'], 'DE': ['14W'], 'AK': ['14W'], 'IA': ['14W']}
2016-07-25 15:03:37,395 - testscript - DEBUG - load_prod_matrix -> Saving dict into json file
2016-07-25 15:03:37,395 - testscript - DEBUG - load_prod_matrix -> Product json file full paht: /Users/efgallegos/Dropbox/Automation/Bankers/SPWL/spwl_data.json
2016-07-25 15:03:37,396 - testscript - DEBUG - load_prod_matrix -> JSON file saved
2016-07-25 15:03:37,396 - testscript - DEBUG - load_prod_matrix -> Starting process for product: srlife
2016-07-25 15:03:37,396 - testscript - DEBUG - load_prod_matrix -> Sheet 'srlife' loaded
2016-07-25 15:03:37,399 - testscript - DEBUG - load_prod_matrix -> Finished process for product: srlife
2016-07-25 15:03:37,399 - testscript - DEBUG - load_prod_matrix -> Dict: {'ID': ['13X', '29J'], 'KS': ['13X', '29J'], 'KY': ['13X', '29J'], 'TX': ['13X', '29J'], 'NC': ['13X'], 'UT': ['13X', '29J'], 'ME': ['13X', '29J'], 'IN': ['13X', '29J'], 'WY': ['13X', '29J'], 'SD': ['13X', '29J'], 'WA': ['13Y'], 'MD': ['13X', '29J'], 'HI': ['13X', '29J'], 'FL': ['13X', '29J'], 'CT': ['13X', '29J'], 'VA': ['13X', '29J'], 'NH': ['13X', '29J'], 'MT': ['13X', '29J'], 'CA': ['13X', '29J'], 'DC': ['13X', '29J'], 'SC': ['13X', '29J'], 'NY': ['13X', '29H'], 'MS': ['13X', '29J'], 'NE': ['13X', '29J'], 'MA': ['13X'], 'RI': ['13X', '29J'], 'CO': ['13X', '29J'], 'VT': ['13X', '29J'], 'LA': ['13X', '29J'], 'OR': ['13X', '29J'], 'WI': ['13X', '29J'], 'AL': ['13X', '29J'], 'NJ': ['13X', '29J'], 'WV': ['13X', '29J'], 'MI': ['13X', '29J'], 'TN': ['13X', '29J'], 'AR': ['13X', '29J'], 'PA': ['13X', '29J'], 'OH': ['13X', '29J'], 'NM': ['13X', '29J'], 'NV': ['13X', '29J'], 'IL': ['13X', '29J'], 'MN': ['13X', '29J'], 'OK': ['13X', '29J'], 'AZ': ['13X', '29J'], 'ND': ['13X', '29J'], 'MO': ['13X', '29J'], 'GA': ['13X', '29J'], 'DE': ['13X', '29J'], 'AK': ['13X', '29J'], 'IA': ['13X', '29J']}
2016-07-25 15:03:37,399 - testscript - DEBUG - load_prod_matrix -> Saving dict into json file
2016-07-25 15:03:37,399 - testscript - DEBUG - load_prod_matrix -> Product json file full paht: /Users/efgallegos/Dropbox/Automation/Bankers/SrLife/srlife_data.json
2016-07-25 15:03:37,400 - testscript - DEBUG - load_prod_matrix -> JSON file saved
2016-07-25 15:03:37,400 - testscript - DEBUG - load_prod_matrix -> Starting process for product: stc
2016-07-25 15:03:37,400 - testscript - DEBUG - load_prod_matrix -> Sheet 'stc' loaded
2016-07-25 15:03:37,402 - testscript - DEBUG - load_prod_matrix -> Finished process for product: stc
2016-07-25 15:03:37,402 - testscript - DEBUG - load_prod_matrix -> Dict: {'CO': ['GR-N560', 'GR-N565'], 'ID': ['GR-N560', 'GR-N565'], 'KS': ['GR-N560', 'GR-N565'], 'KY': ['GR-N560', 'GR-N565'], 'VA': ['GR-N560', 'GR-N565'], 'LA': ['GR-N560', 'GR-N565'], 'NC': ['GR-N560', 'GR-N565'], 'OR': ['GR-N560', 'GR-N565'], 'UT': ['GR-N560', 'GR-N565'], 'AL': ['GR-N560', 'GR-N565'], 'PA': ['GR-N560', 'GR-N565'], 'ME': ['GR-N560', 'GR-N565'], 'WV': ['GR-N560', 'GR-N565'], 'MI': ['GR-N560', 'GR-N565'], 'MD': ['GR-N560', 'GR-N565'], 'TN': ['GR-N560', 'GR-N565'], 'IN': ['GR-N560', 'GR-N565'], 'HI': ['GR-N560', 'GR-N565'], 'AR': ['GR-N560', 'GR-N565'], 'NH': ['GR-N560', 'GR-N565'], 'MT': ['GR-N560', 'GR-N565'], 'WY': ['GR-N560', 'GR-N565'], 'CA': ['GR-N320', 'GR-N325'], 'OH': ['GR-N560', 'GR-N565'], 'DC': ['GR-N560', 'GR-N565'], 'NV': ['GR-N560', 'GR-N565'], 'IL': ['GR-N560', 'GR-N565'], 'MS': ['GR-N560', 'GR-N565'], 'OK': ['GR-N560', 'GR-N565'], 'AZ': ['GR-N560', 'GR-N565'], 'NE': ['GR-N560', 'GR-N565'], 'RI': ['GR-N560', 'GR-N565'], 'NM': ['GR-N560', 'GR-N565'], 'SC': ['GR-N560', 'GR-N565'], 'GA': ['GR-N560', 'GR-N565'], 'DE': ['GR-N560', 'GR-N565'], 'MO': ['GR-N560', 'GR-N565'], 'AK': ['GR-N560', 'GR-N565'], 'IA': ['GR-N560', 'GR-N565']}
2016-07-25 15:03:37,402 - testscript - DEBUG - load_prod_matrix -> Saving dict into json file
2016-07-25 15:03:37,403 - testscript - DEBUG - load_prod_matrix -> Product json file full paht: /Users/efgallegos/Dropbox/Automation/Bankers/STC/stc_data.json
2016-07-25 15:03:37,403 - testscript - DEBUG - load_prod_matrix -> JSON file saved
2016-07-25 15:11:59,105 - testscript - INFO - load_prod_matrix -> ################################################################################
2016-07-25 15:11:59,106 - testscript - INFO - load_prod_matrix -> Start time:2016-07-25 15:11:59.105903
2016-07-25 15:11:59,106 - testscript - INFO - load_prod_matrix -> Parameters list:
2016-07-25 15:11:59,106 - testscript - INFO - load_prod_matrix -> 	Carrier: bankers (Default value)
2016-07-25 15:11:59,106 - testscript - INFO - load_prod_matrix -> 	Excel full path: /Users/efgallegos/Dropbox/Automation/Bankers/bankers_product_matrix.xlsx (Default value)
2016-07-25 15:11:59,106 - testscript - INFO - load_prod_matrix -> --------------------------------------------------------------------------------
2016-07-25 15:11:59,106 - testscript - DEBUG - load_prod_matrix -> Loading excel workbook...
2016-07-25 15:11:59,425 - testscript - DEBUG - load_prod_matrix -> Excel workbook loaded successfully.
2016-07-25 15:11:59,426 - testscript - DEBUG - load_prod_matrix -> List of products to load: ['annuity', 'cb', 'fuwl', 'medsupp', 'spwl', 'srlife', 'stc']
2016-07-25 15:11:59,426 - testscript - DEBUG - load_prod_matrix -> Starting process for product: annuity
2016-07-25 15:11:59,426 - testscript - DEBUG - load_prod_matrix -> Sheet 'annuity' loaded
2016-07-25 15:11:59,436 - testscript - DEBUG - load_prod_matrix -> Finished process for product: annuity
2016-07-25 15:11:59,436 - testscript - DEBUG - load_prod_matrix -> Dict: {'NJ': ['LA02P', 'LA03D', 'LA06T', 'LA08N', 'LA69A_SINGLE', 'LA69A_JOINT', 'LA07G_PBIA', 'LA07G_PTP', 'LA07G_GLIA_Q', 'LA07G_GLIA_NQ'], 'SD': ['LA02P', 'LA03D', 'LA06T', 'LA08N', 'LA69A_SINGLE', 'LA69A_JOINT', 'LA07C_SG', 'LA07C_SP', 'LA07G_PBIA', 'LA07G_PTP', 'LA07G_GLIA_Q', 'LA07G_GLIA_NQ'], 'VT': ['LA02P', 'LA03D', 'LA06T', 'LA08N', 'LA69A_SINGLE', 'LA69A_JOINT', 'LA07C_SG', 'LA07C_SP', 'LA07G_PBIA', 'LA07G_PTP', 'LA07G_GLIA_Q', 'LA07G_GLIA_NQ'], 'MT': ['LA02P', 'LA03D', 'LA06T', 'LA08N', 'LA69A_SINGLE', 'LA69A_JOINT', 'LA07G_PBIA', 'LA07G_PTP', 'LA07G_GLIA_Q', 'LA07G_GLIA_NQ'], 'TX': ['LA02P', 'LA03D', 'LA06T', 'LA08N', 'LA69A_SINGLE', 'LA69A_JOINT', 'LA07C_SG', 'LA07C_SP', 'LA07G_PBIA', 'LA07G_PTP', 'LA07G_GLIA_Q', 'LA07G_GLIA_NQ'], 'MN': ['LA02P', 'LA03D', 'LA06T', 'LA08N', 'LA69A_SINGLE', 'LA69A_JOINT', 'LA07G_PBIA', 'LA07G_PTP', 'LA07G_GLIA_Q', 'LA07G_GLIA_NQ'], 'ID': ['LA02P', 'LA03D', 'LA06T', 'LA08N', 'LA69A_SINGLE', 'LA69A_JOINT', 'LA07G_PBIA', 'LA07G_PTP', 'LA07G_GLIA_Q', 'LA07G_GLIA_NQ'], 'NM': ['LA02P', 'LA03D', 'LA06T', 'LA08N', 'LA69A_SINGLE', 'LA69A_JOINT', 'LA07G_PBIA', 'LA07G_PTP', 'LA07G_GLIA_Q', 'LA07G_GLIA_NQ'], 'DE': ['LA02P', 'LA03D', 'LA06T', 'LA08N', 'LA69A_SINGLE', 'LA69A_JOINT', 'LA07G_PBIA', 'LA07G_PTP', 'LA07G_GLIA_Q', 'LA07G_GLIA_NQ'], 'PA': ['LA02P', 'LA03D', 'LA06T', 'LA08N', 'LA69A_SINGLE', 'LA69A_JOINT', 'LA07C_SG', 'LA07C_SP', 'LA07G_PBIA', 'LA07G_PTP', 'LA07G_GLIA_Q', 'LA07G_GLIA_NQ'], 'KS': ['LA02P', 'LA03D', 'LA06T', 'LA08N', 'LA69A_SINGLE', 'LA69A_JOINT', 'LA07G_PBIA', 'LA07G_PTP', 'LA07G_GLIA_Q', 'LA07G_GLIA_NQ'], 'VA': ['LA02P', 'LA03D', 'LA06T', 'LA08N', 'LA69A_SINGLE', 'LA69A_JOINT', 'LA07C_SG', 'LA07C_SP', 'LA07G_PBIA', 'LA07G_PTP', 'LA07G_GLIA_Q', 'LA07G_GLIA_NQ'], 'CO': ['LA02P', 'LA03D', 'LA06T', 'LA08N', 'LA69A_SINGLE', 'LA69A_JOINT', 'LA07G_PBIA', 'LA07G_PTP', 'LA07G_GLIA_Q', 'LA07G_GLIA_NQ'], 'CT': ['LA02P', 'LA03D', 'LA06T', 'LA08N', 'LA69A_SINGLE', 'LA69A_JOINT', 'LA-07C(10)_PBIA', 'LA-07C(10)_PTP'], 'CA': ['LA02P', 'LA03D', 'LA06T', 'LA08N', 'LA69A_SINGLE', 'LA69A_JOINT', 'LA07G_PBIA', 'LA07G_PTP'], 'GA': ['LA02P', 'LA03D', 'LA06T', 'LA08N', 'LA69A_SINGLE', 'LA69A_JOINT', 'LA07G_PBIA', 'LA07G_PTP', 'LA07G_GLIA_Q', 'LA07G_GLIA_NQ'], 'AR': ['LA02P', 'LA03D', 'LA06T', 'LA08N', 'LA69A_SINGLE', 'LA69A_JOINT', 'LA07G_PBIA', 'LA07G_PTP', 'LA07G_GLIA_Q', 'LA07G_GLIA_NQ'], 'OH': ['LA02P', 'LA03D', 'LA06T', 'LA08N', 'LA69A_SINGLE', 'LA69A_JOINT', 'LA07C_SG', 'LA07C_SP', 'LA07G_PBIA', 'LA07G_PTP', 'LA07G_GLIA_Q', 'LA07G_GLIA_NQ'], 'IN': ['LA02P', 'LA03D', 'LA06T', 'LA08N', 'LA69A_SINGLE', 'LA69A_JOINT', 'LA07G_PBIA', 'LA07G_PTP', 'LA07G_GLIA_Q', 'LA07G_GLIA_NQ'], 'WV': ['LA02P', 'LA03D', 'LA06T', 'LA08N', 'LA69A_SINGLE', 'LA69A_JOINT', 'LA07G_PBIA', 'LA07G_PTP', 'LA07G_GLIA_Q', 'LA07G_GLIA_NQ'], 'NH': ['LA02P', 'LA03D', 'LA06T', 'LA08N', 'LA69A_SINGLE', 'LA69A_JOINT', 'LA07G_PBIA', 'LA07G_PTP', 'LA07G_GLIA_Q', 'LA07G_GLIA_NQ'], 'RI': ['LA02P', 'LA03D', 'LA06T', 'LA08N', 'LA69A_SINGLE', 'LA69A_JOINT', 'LA07C_SG', 'LA07C_SP', 'LA07G_PBIA', 'LA07G_PTP', 'LA07G_GLIA_Q', 'LA07G_GLIA_NQ'], 'HI': ['LA02P', 'LA03D', 'LA06T', 'LA08N', 'LA69A_SINGLE', 'LA69A_JOINT', 'LA07G_PBIA', 'LA07G_PTP', 'LA07G_GLIA_Q', 'LA07G_GLIA_NQ'], 'ND': ['LA02P', 'LA03D', 'LA06T', 'LA08N', 'LA69A_SINGLE', 'LA69A_JOINT', 'LA07C_SG', 'LA07C_SP', 'LA07G_PBIA', 'LA07G_PTP', 'LA07G_GLIA_Q', 'LA07G_GLIA_NQ'], 'SC': ['LA02P', 'LA03D', 'LA06T', 'LA08N', 'LA69A_SINGLE', 'LA69A_JOINT', 'LA07C_SG', 'LA07C_SP', 'LA07G_PBIA', 'LA07G_PTP', 'LA07G_GLIA_Q', 'LA07G_GLIA_NQ'], 'AL': ['LA02P', 'LA03D', 'LA06T', 'LA08N', 'LA69A_SINGLE', 'LA69A_JOINT', 'LA07G_PBIA', 'LA07G_PTP', 'LA07G_GLIA_Q', 'LA07G_GLIA_NQ'], 'NE': ['LA02P', 'LA03D', 'LA06T', 'LA08N', 'LA69A_SINGLE', 'LA69A_JOINT', 'LA07G_PBIA', 'LA07G_PTP', 'LA07G_GLIA_Q', 'LA07G_GLIA_NQ'], 'MA': ['LA02P', 'LA03D', 'LA06T', 'LA08N', 'LA69A_SINGLE', 'LA69A_JOINT', 'LA07G_PBIA', 'LA07G_PTP', 'LA07G_GLIA_Q', 'LA07G_GLIA_NQ'], 'KY': ['LA02P', 'LA03D', 'LA06T', 'LA08N', 'LA69A_SINGLE', 'LA69A_JOINT', 'LA07G_PBIA', 'LA07G_PTP', 'LA07G_GLIA_Q', 'LA07G_GLIA_NQ'], 'LA': ['LA02P', 'LA03D', 'LA06T', 'LA08N', 'LA69A_SINGLE', 'LA69A_JOINT', 'LA07G_GLIA_Q', 'LA07G_GLIA_NQ', 'LA-07C(10)_PBIA', 'LA-07C(10)_PTP'], 'UT': ['LA02P', 'LA03D', 'LA06T', 'LA08N', 'LA69A_SINGLE', 'LA69A_JOINT', 'LA07C_SG', 'LA07C_SP', 'LA07G_PBIA', 'LA07G_PTP', 'LA07G_GLIA_Q', 'LA07G_GLIA_NQ'], 'WY': ['LA02P', 'LA03D', 'LA06T', 'LA08N', 'LA69A_SINGLE', 'LA69A_JOINT', 'LA07G_PBIA', 'LA07G_PTP', 'LA07G_GLIA_Q', 'LA07G_GLIA_NQ'], 'WI': ['LA02P', 'LA03D', 'LA06T', 'LA08N', 'LA69A_SINGLE', 'LA69A_JOINT', 'LA07G_PBIA', 'LA07G_PTP', 'LA07G_GLIA_Q', 'LA07G_GLIA_NQ'], 'IL': ['LA02P', 'LA03D', 'LA06T', 'LA08N', 'LA69A_SINGLE', 'LA69A_JOINT', 'LA07G_PBIA', 'LA07G_PTP', 'LA07G_GLIA_Q', 'LA07G_GLIA_NQ'], 'MS': ['LA02P', 'LA03D', 'LA06T', 'LA08N', 'LA69A_SINGLE', 'LA69A_JOINT', 'LA07G_PBIA', 'LA07G_PTP', 'LA07G_GLIA_Q', 'LA07G_GLIA_NQ'], 'AK': ['LA02P', 'LA03D', 'LA06T', 'LA08N', 'LA69A_SINGLE', 'LA69A_JOINT', 'LA07G_PBIA', 'LA07G_PTP', 'LA07G_GLIA_Q', 'LA07G_GLIA_NQ'], 'OR': ['LA02P', 'LA03D', 'LA06T', 'LA08N', 'LA69A_SINGLE', 'LA69A_JOINT', 'LA07C_SG', 'LA07C_SP', 'LA07G_PBIA', 'LA07G_PTP', 'LA07G_GLIA_Q', 'LA07G_GLIA_NQ'], 'OK': ['LA02P', 'LA03D', 'LA06T', 'LA08N', 'LA69A_SINGLE', 'LA69A_JOINT', 'LA07C_SG', 'LA07C_SP', 'LA07G_PBIA', 'LA07G_PTP', 'LA07G_GLIA_Q', 'LA07G_GLIA_NQ'], 'TN': ['LA02P', 'LA03D', 'LA06T', 'LA08N', 'LA69A_SINGLE', 'LA69A_JOINT', 'LA07C_SG', 'LA07C_SP', 'LA07G_PBIA', 'LA07G_PTP', 'LA07G_GLIA_Q', 'LA07G_GLIA_NQ'], 'DC': ['LA02P', 'LA03D', 'LA06T', 'LA08N', 'LA69A_SINGLE', 'LA69A_JOINT', 'LA07G_PBIA', 'LA07G_PTP', 'LA07G_GLIA_Q', 'LA07G_GLIA_NQ'], 'IA': ['LA02P', 'LA03D', 'LA06T', 'LA08N', 'LA69A_SINGLE', 'LA69A_JOINT', 'LA07G_PBIA', 'LA07G_PTP', 'LA07G_GLIA_Q', 'LA07G_GLIA_NQ'], 'MD': ['LA02P', 'LA03D', 'LA06T', 'LA08N', 'LA69A_SINGLE', 'LA69A_JOINT', 'LA07G_PBIA', 'LA07G_PTP', 'LA07G_GLIA_Q', 'LA07G_GLIA_NQ'], 'NV': ['LA02P', 'LA03D', 'LA06T', 'LA08N', 'LA69A_SINGLE', 'LA69A_JOINT', 'LA07G_PBIA', 'LA07G_PTP', 'LA07G_GLIA_Q', 'LA07G_GLIA_NQ'], 'ME': ['LA02P', 'LA03D', 'LA06T', 'LA08N', 'LA69A_SINGLE', 'LA69A_JOINT', 'LA07G_PBIA', 'LA07G_PTP', 'LA07G_GLIA_Q', 'LA07G_GLIA_NQ'], 'WA': ['LA02P', 'LA03D', 'LA06T', 'LA08N', 'LA69A_SINGLE', 'LA69A_JOINT', 'LA07G_GLIA_Q', 'LA07G_GLIA_NQ', 'LA-07C(10)_PBIA', 'LA-07C(10)_PTP'], 'NC': ['LA02P', 'LA03D', 'LA06T', 'LA08N', 'LA69A_SINGLE', 'LA69A_JOINT', 'LA07C_SG', 'LA07C_SP', 'LA07G_PBIA', 'LA07G_PTP', 'LA07G_GLIA_Q', 'LA07G_GLIA_NQ'], 'AZ': ['LA02P', 'LA03D', 'LA06T', 'LA08N', 'LA69A_SINGLE', 'LA69A_JOINT', 'LA07G_PBIA', 'LA07G_PTP', 'LA07G_GLIA_Q', 'LA07G_GLIA_NQ'], 'MO': ['LA02P', 'LA03D', 'LA06T', 'LA08N', 'LA69A_SINGLE', 'LA69A_JOINT', 'LA07G_PBIA', 'LA07G_PTP', 'LA07G_GLIA_Q', 'LA07G_GLIA_NQ'], 'NY': ['BLNY-LA-06T'], 'MI': ['LA02P', 'LA03D', 'LA06T', 'LA08N', 'LA69A_SINGLE', 'LA69A_JOINT', 'LA07G_PBIA', 'LA07G_PTP', 'LA07G_GLIA_Q', 'LA07G_GLIA_NQ'], 'FL': ['LA02P', 'LA03D', 'LA06T', 'LA08N', 'LA69A_SINGLE', 'LA69A_JOINT', 'LA07G_PBIA', 'LA07G_PTP', 'LA07G_GLIA_Q', 'LA07G_GLIA_NQ']}
2016-07-25 15:11:59,437 - testscript - DEBUG - load_prod_matrix -> Saving dict into json file
2016-07-25 15:11:59,437 - testscript - DEBUG - load_prod_matrix -> Product json file full paht: /Users/efgallegos/Dropbox/Automation/Bankers/Annuity/annuity_data.json
2016-07-25 15:11:59,439 - testscript - DEBUG - load_prod_matrix -> JSON file saved
2016-07-25 15:11:59,439 - testscript - DEBUG - load_prod_matrix -> Starting process for product: cb
2016-07-25 15:11:59,439 - testscript - DEBUG - load_prod_matrix -> Sheet 'cb' loaded
2016-07-25 15:11:59,442 - testscript - DEBUG - load_prod_matrix -> Finished process for product: cb
2016-07-25 15:11:59,442 - testscript - DEBUG - load_prod_matrix -> Dict: {'NJ': ['GR-G224'], 'SD': ['GR-G220', 'GR-G222', 'GR-G224'], 'MT': ['GR-G220', 'GR-G222', 'GR-G224'], 'TX': ['GR-G220', 'GR-G222', 'GR-G224'], 'MN': ['GR-G220', 'GR-G222', 'GR-G224'], 'ID': ['GR-G220', 'GR-G222', 'GR-G224'], 'NM': ['GR-G220', 'GR-G222', 'GR-G224'], 'DE': ['GR-G220', 'GR-G222', 'GR-G224'], 'PA': ['GR-G220', 'GR-G222', 'GR-G224'], 'KS': ['GR-G220', 'GR-G222', 'GR-G224'], 'VA': ['GR-G220', 'GR-G222', 'GR-G224'], 'CO': ['GR-G220', 'GR-G222', 'GR-G224'], 'CT': ['GR-G224'], 'CA': ['GR-G220', 'GR-G222', 'GR-G224'], 'GA': ['GR-G220', 'GR-G222', 'GR-G224'], 'AR': ['GR-G220', 'GR-G222', 'GR-G224'], 'OH': ['GR-G220', 'GR-G222', 'GR-G224'], 'IN': ['GR-G220', 'GR-G222', 'GR-G224'], 'WV': ['GR-G220', 'GR-G222', 'GR-G224'], 'NH': ['GR-G220', 'GR-G222', 'GR-G224'], 'RI': ['GR-G220', 'GR-G222', 'GR-G224'], 'HI': ['GR-G220', 'GR-G222', 'GR-G224'], 'ND': ['GR-G220', 'GR-G222', 'GR-G224'], 'SC': ['GR-G220', 'GR-G222', 'GR-G224'], 'AL': ['GR-G220', 'GR-G222', 'GR-G224'], 'NE': ['GR-G220', 'GR-G222', 'GR-G224'], 'MA': ['GR-G220', 'GR-G222', 'GR-G224'], 'KY': ['GR-G220', 'GR-G222', 'GR-G224'], 'LA': ['GR-G220', 'GR-G222', 'GR-G224'], 'UT': ['GR-G220', 'GR-G222', 'GR-G224'], 'WY': ['GR-G222'], 'WI': ['GR-G220', 'GR-G222', 'GR-G224'], 'IL': ['GR-G220', 'GR-G222', 'GR-G224'], 'MS': ['GR-G220', 'GR-G222', 'GR-G224'], 'AK': ['GR-G220', 'GR-G222', 'GR-G224'], 'OR': ['GR-G220', 'GR-G222', 'GR-G224'], 'OK': ['GR-G220', 'GR-G222', 'GR-G224'], 'TN': ['GR-G220', 'GR-G222', 'GR-G224'], 'VT': ['GR-G220', 'GR-G222', 'GR-G224'], 'IA': ['GR-G220', 'GR-G222', 'GR-G224'], 'MD': ['GR-G220', 'GR-G222', 'GR-G224'], 'NV': ['GR-G220', 'GR-G222', 'GR-G224'], 'ME': ['GR-G220', 'GR-G222', 'GR-G224'], 'NC': ['GR-G220', 'GR-G222', 'GR-G224'], 'AZ': ['GR-G220', 'GR-G222', 'GR-G224'], 'MO': ['GR-G220', 'GR-G222', 'GR-G224'], 'NY': ['BLNY-GR-G224'], 'MI': ['GR-G220', 'GR-G222', 'GR-G224'], 'FL': ['GR-G220', 'GR-G222', 'GR-G224']}
2016-07-25 15:11:59,442 - testscript - DEBUG - load_prod_matrix -> Saving dict into json file
2016-07-25 15:11:59,442 - testscript - DEBUG - load_prod_matrix -> Product json file full paht: /Users/efgallegos/Dropbox/Automation/Bankers/CB/cb_data.json
2016-07-25 15:11:59,443 - testscript - DEBUG - load_prod_matrix -> JSON file saved
2016-07-25 15:11:59,443 - testscript - DEBUG - load_prod_matrix -> Starting process for product: fuwl
2016-07-25 15:11:59,443 - testscript - DEBUG - load_prod_matrix -> Sheet 'fuwl' loaded
2016-07-25 15:11:59,447 - testscript - DEBUG - load_prod_matrix -> Finished process for product: fuwl
2016-07-25 15:11:59,447 - testscript - DEBUG - load_prod_matrix -> Dict: {'NJ': ['19E', '20E', '14X', 'L-5Z1', '10S'], 'SD': ['19E', '20E', '14X', 'L-5Z1', '10S'], 'VT': ['19E', '20E', '14X', 'L-5Z1', '10S'], 'MT': ['19E', '20E', '14X', 'L-5Z1', '10S'], 'TX': ['19E', '20E', '14X', 'L-5Z1', '10S'], 'MN': ['19E', '20E', '14X', 'L-5Z1', '10S'], 'ID': ['19E', '20E', '14X', 'L-5Z1', '10S'], 'NM': ['19E', '20E', '14X', 'L-5Z1', '10S'], 'DE': ['19E', '20E', '14X', 'L-5Z1', '10S'], 'PA': ['19E', '20E', '14X', 'L-5Z1', '10S'], 'KS': ['19E', '20E', '14X', 'L-5Z1', '10S'], 'VA': ['19E', '20E', '14X', 'L-5Z1', '10S'], 'CO': ['19E', '20E', '14X', 'L-5Z1', '10S'], 'CT': ['19E', '20E', '14X', 'L-5Z1', '10S'], 'CA': ['19E', '20E', '14X', 'L-5Z1', '10S'], 'GA': ['19E', '20E', '14X', 'L-5Z1', '10S'], 'AR': ['19E', '20E', '14X', 'L-5Z1', '10S'], 'OH': ['19E', '20E', '14X', 'L-5Z1', '10S'], 'IN': ['19E', '20E', '14X', 'L-5Z1', '10S'], 'WV': ['19E', '20E', '14X', 'L-5Z1', '10S'], 'NH': ['19E', '20E', '14X', 'L-5Z1', '10S'], 'RI': ['19E', '20E', '14X', 'L-5Z1', '10S'], 'HI': ['19E', '20E', '14X', 'L-5Z1', '10S'], 'ND': ['19E', '20E', '14X', 'L-5Z1', '10S'], 'SC': ['19E', '20E', '14X', 'L-5Z1', '10S'], 'AL': ['19E', '20E', '14X', 'L-5Z1', '10S'], 'NE': ['19E', '20E', '14X', 'L-5Z1', '10S'], 'MA': ['19E', '20E', '14X', 'L-5Z1', '10S'], 'KY': ['19E', '20E', '14X', 'L-5Z1', '10S'], 'LA': ['19E', '20E', '14X', 'L-5Z1', '10S'], 'UT': ['19E', '20E', '14X', 'L-5Z1', '10S'], 'WY': ['19E', '20E', '14X', 'L-5Z1', '10S'], 'WI': ['19E', '20E', '14X', 'L-5Z1', '10S'], 'IL': ['19E', '20E', '14X', 'L-5Z1', '10S'], 'MS': ['19E', '20E', '14X', 'L-5Z1', '10S'], 'AK': ['19E', '20E', '14X', 'L-5Z1', '10S'], 'OR': ['19E', '20E', '14X', 'L-5Z1', '10S'], 'OK': ['19E', '20E', '14X', 'L-5Z1', '10S'], 'TN': ['19E', '20E', '14X', 'L-5Z1', '10S'], 'DC': ['19E', '20E', '14X', 'L-5Z1', '10S'], 'IA': ['19E', '20E', '14X', 'L-5Z1', '10S'], 'MD': ['19E', '20E', '14X', 'L-5Z1', '10S'], 'NV': ['19E', '20E', '14X', 'L-5Z1', '10S'], 'ME': ['19E', '20E', '14X', 'L-5Z1', '10S'], 'WA': ['19E', '20E', '14X', 'L-5Z1', '10S'], 'NC': ['19E', '20E', '14X', 'L-5Z1', '10S'], 'AZ': ['19E', '20E', '14X', 'L-5Z1', '10S'], 'MO': ['19E', '20E', '14X', 'L-5Z1', '10S'], 'NY': ['20E', '10S'], 'MI': ['19E', '20E', '14X', 'L-5Z1', '10S'], 'FL': ['19E', '20E', '14X', 'L-5Z1', '10S']}
2016-07-25 15:11:59,448 - testscript - DEBUG - load_prod_matrix -> Saving dict into json file
2016-07-25 15:11:59,448 - testscript - DEBUG - load_prod_matrix -> Product json file full paht: /Users/efgallegos/Dropbox/Automation/Bankers/FUWL/fuwl_data.json
2016-07-25 15:11:59,449 - testscript - DEBUG - load_prod_matrix -> JSON file saved
2016-07-25 15:11:59,449 - testscript - DEBUG - load_prod_matrix -> Starting process for product: medsupp
2016-07-25 15:11:59,449 - testscript - DEBUG - load_prod_matrix -> Sheet 'medsupp' loaded
2016-07-25 15:11:59,451 - testscript - DEBUG - load_prod_matrix -> Finished process for product: medsupp
2016-07-25 15:11:59,451 - testscript - DEBUG - load_prod_matrix -> Dict: {'NJ': ['MEDSUPP'], 'TX': ['MEDSUPP'], 'MT': ['MEDSUPP'], 'SD': ['MEDSUPP'], 'MN': ['MEDSUPP', 'CPL-GR-A820'], 'ID': ['MEDSUPP'], 'NM': ['MEDSUPP'], 'DE': ['MEDSUPP'], 'PA': ['MEDSUPP'], 'KS': ['MEDSUPP'], 'VA': ['MEDSUPP'], 'CO': ['MEDSUPP'], 'CT': ['MEDSUPP'], 'CA': ['MEDSUPP'], 'GA': ['MEDSUPP'], 'AR': ['MEDSUPP'], 'OH': ['MEDSUPP'], 'IN': ['MEDSUPP'], 'WV': ['MEDSUPP'], 'NH': ['MEDSUPP'], 'RI': ['MEDSUPP'], 'HI': ['MEDSUPP'], 'ND': ['MEDSUPP'], 'SC': ['MEDSUPP'], 'AL': ['MEDSUPP'], 'NE': ['MEDSUPP'], 'VT': ['MEDSUPP'], 'KY': ['MEDSUPP'], 'LA': ['MEDSUPP'], 'UT': ['MEDSUPP'], 'WY': ['MEDSUPP'], 'WI': ['MEDSUPP', 'CPL-GR-A830'], 'IL': ['MEDSUPP'], 'MS': ['MEDSUPP'], 'AK': ['MEDSUPP'], 'OR': ['MEDSUPP'], 'OK': ['MEDSUPP'], 'TN': ['MEDSUPP'], 'DC': ['MEDSUPP'], 'IA': ['MEDSUPP'], 'MD': ['MEDSUPP'], 'NV': ['MEDSUPP'], 'ME': ['MEDSUPP'], 'WA': ['MEDSUPP'], 'NC': ['MEDSUPP'], 'AZ': ['MEDSUPP'], 'MO': ['MEDSUPP'], 'NY': ['MEDSUPP'], 'MI': ['MEDSUPP'], 'FL': ['MEDSUPP']}
2016-07-25 15:11:59,451 - testscript - DEBUG - load_prod_matrix -> Saving dict into json file
2016-07-25 15:11:59,452 - testscript - DEBUG - load_prod_matrix -> Product json file full paht: /Users/efgallegos/Dropbox/Automation/Bankers/MedSupp/medsupp_data.json
2016-07-25 15:11:59,452 - testscript - DEBUG - load_prod_matrix -> JSON file saved
2016-07-25 15:11:59,452 - testscript - DEBUG - load_prod_matrix -> Starting process for product: spwl
2016-07-25 15:11:59,452 - testscript - DEBUG - load_prod_matrix -> Sheet 'spwl' loaded
2016-07-25 15:11:59,454 - testscript - DEBUG - load_prod_matrix -> Finished process for product: spwl
2016-07-25 15:11:59,454 - testscript - DEBUG - load_prod_matrix -> Dict: {'NJ': ['14W'], 'SD': ['14W'], 'VT': ['14W'], 'MT': ['14W'], 'TX': ['14W'], 'MN': ['14W'], 'ID': ['14W'], 'NM': ['14W'], 'DE': ['14W'], 'PA': ['14W'], 'KS': ['14W'], 'VA': ['14W'], 'CO': ['14W'], 'CT': ['14W'], 'CA': ['14W'], 'GA': ['14W'], 'AR': ['14W'], 'OH': ['14W'], 'IN': ['14W'], 'WV': ['14W'], 'NH': ['14W'], 'RI': ['14W'], 'HI': ['14W'], 'ND': ['14W'], 'SC': ['14W'], 'AL': ['14W'], 'NE': ['14W'], 'MA': ['14W'], 'KY': ['14W'], 'LA': ['14W'], 'UT': ['14W'], 'WY': ['14W'], 'WI': ['14W'], 'IL': ['14W'], 'MS': ['14W'], 'AK': ['14W'], 'OR': ['14W'], 'OK': ['14W'], 'TN': ['14W'], 'DC': ['14W'], 'IA': ['14W'], 'MD': ['14W'], 'NV': ['14W'], 'ME': ['14W'], 'WA': ['14W'], 'NC': ['14W'], 'AZ': ['14W'], 'MO': ['14W'], 'NY': ['14W'], 'MI': ['14W'], 'FL': ['14W']}
2016-07-25 15:11:59,454 - testscript - DEBUG - load_prod_matrix -> Saving dict into json file
2016-07-25 15:11:59,454 - testscript - DEBUG - load_prod_matrix -> Product json file full paht: /Users/efgallegos/Dropbox/Automation/Bankers/SPWL/spwl_data.json
2016-07-25 15:11:59,455 - testscript - DEBUG - load_prod_matrix -> JSON file saved
2016-07-25 15:11:59,455 - testscript - DEBUG - load_prod_matrix -> Starting process for product: srlife
2016-07-25 15:11:59,455 - testscript - DEBUG - load_prod_matrix -> Sheet 'srlife' loaded
2016-07-25 15:11:59,458 - testscript - DEBUG - load_prod_matrix -> Finished process for product: srlife
2016-07-25 15:11:59,458 - testscript - DEBUG - load_prod_matrix -> Dict: {'NJ': ['13X', '29J'], 'SD': ['13X', '29J'], 'VT': ['13X', '29J'], 'MT': ['13X', '29J'], 'TX': ['13X', '29J'], 'MN': ['13X', '29J'], 'ID': ['13X', '29J'], 'NM': ['13X', '29J'], 'DE': ['13X', '29J'], 'PA': ['13X', '29J'], 'KS': ['13X', '29J'], 'VA': ['13X', '29J'], 'CO': ['13X', '29J'], 'CT': ['13X', '29J'], 'CA': ['13X', '29J'], 'GA': ['13X', '29J'], 'AR': ['13X', '29J'], 'OH': ['13X', '29J'], 'IN': ['13X', '29J'], 'WV': ['13X', '29J'], 'NH': ['13X', '29J'], 'RI': ['13X', '29J'], 'HI': ['13X', '29J'], 'ND': ['13X', '29J'], 'SC': ['13X', '29J'], 'AL': ['13X', '29J'], 'NE': ['13X', '29J'], 'MA': ['13X'], 'KY': ['13X', '29J'], 'LA': ['13X', '29J'], 'UT': ['13X', '29J'], 'WY': ['13X', '29J'], 'WI': ['13X', '29J'], 'IL': ['13X', '29J'], 'MS': ['13X', '29J'], 'AK': ['13X', '29J'], 'OR': ['13X', '29J'], 'OK': ['13X', '29J'], 'TN': ['13X', '29J'], 'DC': ['13X', '29J'], 'IA': ['13X', '29J'], 'MD': ['13X', '29J'], 'NV': ['13X', '29J'], 'ME': ['13X', '29J'], 'WA': ['13Y'], 'NC': ['13X'], 'AZ': ['13X', '29J'], 'MO': ['13X', '29J'], 'NY': ['13X', '29H'], 'MI': ['13X', '29J'], 'FL': ['13X', '29J']}
2016-07-25 15:11:59,459 - testscript - DEBUG - load_prod_matrix -> Saving dict into json file
2016-07-25 15:11:59,459 - testscript - DEBUG - load_prod_matrix -> Product json file full paht: /Users/efgallegos/Dropbox/Automation/Bankers/SrLife/srlife_data.json
2016-07-25 15:11:59,459 - testscript - DEBUG - load_prod_matrix -> JSON file saved
2016-07-25 15:11:59,460 - testscript - DEBUG - load_prod_matrix -> Starting process for product: stc
2016-07-25 15:11:59,460 - testscript - DEBUG - load_prod_matrix -> Sheet 'stc' loaded
2016-07-25 15:11:59,463 - testscript - DEBUG - load_prod_matrix -> Finished process for product: stc
2016-07-25 15:11:59,464 - testscript - DEBUG - load_prod_matrix -> Dict: {'LA': ['GR-N560', 'GR-N565'], 'NH': ['GR-N560', 'GR-N565'], 'PA': ['GR-N560', 'GR-N565'], 'UT': ['GR-N560', 'GR-N565'], 'WY': ['GR-N560', 'GR-N565'], 'IL': ['GR-N560', 'GR-N565'], 'MS': ['GR-N560', 'GR-N565'], 'AK': ['GR-N560', 'GR-N565'], 'OR': ['GR-N560', 'GR-N565'], 'MT': ['GR-N560', 'GR-N565'], 'GA': ['GR-N560', 'GR-N565'], 'NM': ['GR-N560', 'GR-N565'], 'TN': ['GR-N560', 'GR-N565'], 'ID': ['GR-N560', 'GR-N565'], 'MI': ['GR-N560', 'GR-N565'], 'DE': ['GR-N560', 'GR-N565'], 'DC': ['GR-N560', 'GR-N565'], 'OK': ['GR-N560', 'GR-N565'], 'IA': ['GR-N560', 'GR-N565'], 'KS': ['GR-N560', 'GR-N565'], 'VA': ['GR-N560', 'GR-N565'], 'CO': ['GR-N560', 'GR-N565'], 'MD': ['GR-N560', 'GR-N565'], 'CA': ['GR-N320', 'GR-N325'], 'NV': ['GR-N560', 'GR-N565'], 'HI': ['GR-N560', 'GR-N565'], 'OH': ['GR-N560', 'GR-N565'], 'ME': ['GR-N560', 'GR-N565'], 'IN': ['GR-N560', 'GR-N565'], 'WV': ['GR-N560', 'GR-N565'], 'NC': ['GR-N560', 'GR-N565'], 'AR': ['GR-N560', 'GR-N565'], 'RI': ['GR-N560', 'GR-N565'], 'AZ': ['GR-N560', 'GR-N565'], 'MO': ['GR-N560', 'GR-N565'], 'SC': ['GR-N560', 'GR-N565'], 'AL': ['GR-N560', 'GR-N565'], 'NE': ['GR-N560', 'GR-N565'], 'KY': ['GR-N560', 'GR-N565']}
2016-07-25 15:11:59,464 - testscript - DEBUG - load_prod_matrix -> Saving dict into json file
2016-07-25 15:11:59,464 - testscript - DEBUG - load_prod_matrix -> Product json file full paht: /Users/efgallegos/Dropbox/Automation/Bankers/STC/stc_data.json
2016-07-25 15:11:59,464 - testscript - DEBUG - load_prod_matrix -> JSON file saved
